2021-05-11_11-53-34 [restartedMain] INFO  c.c.a.AuthorizatiionMicroserviceApplication - Starting AuthorizatiionMicroserviceApplication using Java 1.8.0_271 on DESKTOP-DTJ4D8S with PID 7148 (C:\Users\srich\Desktop\Enhancement Project\MyProject\CDE-Project-International-Patients-treatment-management\Authorizatiion-Microservice\target\classes started by srich in C:\Users\srich\Desktop\Enhancement Project\MyProject\CDE-Project-International-Patients-treatment-management\Authorizatiion-Microservice)
2021-05-11_11-53-34 [restartedMain] INFO  c.c.a.AuthorizatiionMicroserviceApplication - No active profile set, falling back to default profiles: default
2021-05-11_11-53-34 [restartedMain] INFO  o.s.b.d.e.DevToolsPropertyDefaultsPostProcessor - Devtools property defaults active! Set 'spring.devtools.add-properties' to 'false' to disable
2021-05-11_11-53-34 [restartedMain] INFO  o.s.b.d.e.DevToolsPropertyDefaultsPostProcessor - For additional web related logging consider setting the 'logging.level.web' property to 'DEBUG'
2021-05-11_11-53-34 [restartedMain] INFO  o.s.d.r.c.RepositoryConfigurationDelegate - Bootstrapping Spring Data JPA repositories in DEFAULT mode.
2021-05-11_11-53-34 [restartedMain] INFO  o.s.d.r.c.RepositoryConfigurationDelegate - Finished Spring Data repository scanning in 182 ms. Found 1 JPA repository interfaces.
2021-05-11_11-53-34 [restartedMain] INFO  o.s.cloud.context.scope.GenericScope - BeanFactory id=edea1387-1a2d-33de-8525-4ed44fa6e3e5
2021-05-11_11-53-34 [restartedMain] INFO  o.s.b.w.e.tomcat.TomcatWebServer - Tomcat initialized with port(s): 8400 (http)
2021-05-11_11-53-34 [restartedMain] INFO  o.a.coyote.http11.Http11NioProtocol - Initializing ProtocolHandler ["http-nio-8400"]
2021-05-11_11-53-34 [restartedMain] INFO  o.a.catalina.core.StandardService - Starting service [Tomcat]
2021-05-11_11-53-34 [restartedMain] INFO  o.a.catalina.core.StandardEngine - Starting Servlet engine: [Apache Tomcat/9.0.41]
2021-05-11_11-53-34 [restartedMain] INFO  o.a.c.c.C.[.[localhost].[/auth] - Initializing Spring embedded WebApplicationContext
2021-05-11_11-53-34 [restartedMain] INFO  o.s.b.w.s.c.ServletWebServerApplicationContext - Root WebApplicationContext: initialization completed in 7373 ms
2021-05-11_11-53-34 [restartedMain] INFO  com.zaxxer.hikari.HikariDataSource - HikariPool-1 - Starting...
2021-05-11_11-53-34 [restartedMain] INFO  com.zaxxer.hikari.HikariDataSource - HikariPool-1 - Start completed.
2021-05-11_11-53-34 [restartedMain] INFO  o.s.b.a.h.H2ConsoleAutoConfiguration - H2 console available at '/db'. Database available at 'jdbc:h2:mem:testdb'
2021-05-11_11-53-34 [restartedMain] INFO  o.h.jpa.internal.util.LogHelper - HHH000204: Processing PersistenceUnitInfo [name: default]
2021-05-11_11-53-34 [restartedMain] INFO  org.hibernate.Version - HHH000412: Hibernate ORM core version 5.4.27.Final
2021-05-11_11-53-34 [restartedMain] INFO  o.h.annotations.common.Version - HCANN000001: Hibernate Commons Annotations {5.1.2.Final}
2021-05-11_11-53-34 [restartedMain] INFO  org.hibernate.dialect.Dialect - HHH000400: Using dialect: org.hibernate.dialect.H2Dialect
2021-05-11_11-53-34 [restartedMain] INFO  o.h.e.t.j.p.i.JtaPlatformInitiator - HHH000490: Using JtaPlatform implementation: [org.hibernate.engine.transaction.jta.platform.internal.NoJtaPlatform]
2021-05-11_11-53-34 [restartedMain] INFO  o.s.o.j.LocalContainerEntityManagerFactoryBean - Initialized JPA EntityManagerFactory for persistence unit 'default'
2021-05-11_11-53-34 [restartedMain] INFO  s.d.s.w.PropertySourcedRequestMappingHandlerMapping - Mapped URL path [/v2/api-docs] onto method [springfox.documentation.swagger2.web.Swagger2Controller#getDocumentation(String, HttpServletRequest)]
2021-05-11_11-53-34 [restartedMain] INFO  o.s.s.web.DefaultSecurityFilterChain - Will secure any request with [org.springframework.security.web.context.request.async.WebAsyncManagerIntegrationFilter@412cf1ca, org.springframework.security.web.context.SecurityContextPersistenceFilter@27aacfbc, org.springframework.security.web.header.HeaderWriterFilter@56b24902, org.springframework.security.web.authentication.logout.LogoutFilter@d670b59, com.cts.authorization.config.JwtRequestFilter@749de6c6, org.springframework.security.web.savedrequest.RequestCacheAwareFilter@55b2dc21, org.springframework.security.web.servletapi.SecurityContextHolderAwareRequestFilter@348bdaf0, org.springframework.security.web.authentication.AnonymousAuthenticationFilter@767b58df, org.springframework.security.web.session.SessionManagementFilter@506b737e, org.springframework.security.web.access.ExceptionTranslationFilter@5a69710d, org.springframework.security.web.access.intercept.FilterSecurityInterceptor@3b4ca2be]
2021-05-11_11-53-34 [restartedMain] INFO  o.s.s.c.ThreadPoolTaskExecutor - Initializing ExecutorService 'applicationTaskExecutor'
2021-05-11_11-53-34 [restartedMain] INFO  o.a.coyote.http11.Http11NioProtocol - Starting ProtocolHandler ["http-nio-8400"]
2021-05-11_11-53-34 [restartedMain] INFO  o.s.b.w.e.tomcat.TomcatWebServer - Tomcat started on port(s): 8400 (http) with context path '/auth'
2021-05-11_11-53-34 [restartedMain] INFO  s.d.s.w.p.DocumentationPluginsBootstrapper - Context refreshed
2021-05-11_11-53-34 [restartedMain] INFO  s.d.s.w.p.DocumentationPluginsBootstrapper - Found 1 custom documentation plugin(s)
2021-05-11_11-53-34 [restartedMain] INFO  s.d.s.w.s.ApiListingReferenceScanner - Scanning for api listing references
2021-05-11_11-53-34 [restartedMain] INFO  c.c.a.AuthorizatiionMicroserviceApplication - Started AuthorizatiionMicroserviceApplication in 29.23 seconds (JVM running for 33.149)
2021-05-11_11-53-34 [http-nio-8400-exec-1] INFO  o.a.c.c.C.[.[localhost].[/auth] - Initializing Spring DispatcherServlet 'dispatcherServlet'
2021-05-11_11-53-34 [http-nio-8400-exec-1] INFO  o.s.web.servlet.DispatcherServlet - Initializing Servlet 'dispatcherServlet'
2021-05-11_11-53-34 [http-nio-8400-exec-1] INFO  o.s.web.servlet.DispatcherServlet - Completed initialization in 2 ms
2021-05-11_11-53-34 [http-nio-8400-exec-1] INFO  c.c.a.service.JwtUserDetailsService - User found
2021-05-11_11-53-34 [http-nio-8400-exec-1] INFO  c.c.a.service.JwtUserDetailsService - user successfully located
2021-05-11_11-53-34 [http-nio-8400-exec-1] INFO  c.c.a.service.JwtUserDetailsService - User found
2021-05-11_11-53-34 [http-nio-8400-exec-1] INFO  c.c.a.service.JwtUserDetailsService - user successfully located
2021-05-11_11-53-34 [http-nio-8400-exec-2] INFO  c.c.a.service.JwtUserDetailsService - User found
2021-05-11_11-53-34 [http-nio-8400-exec-2] INFO  c.c.a.service.JwtUserDetailsService - user successfully located
2021-05-11_11-53-34 [http-nio-8400-exec-3] INFO  c.c.a.service.JwtUserDetailsService - User found
2021-05-11_11-53-34 [http-nio-8400-exec-3] INFO  c.c.a.service.JwtUserDetailsService - user successfully located
2021-05-11_11-53-34 [http-nio-8400-exec-4] INFO  c.c.a.service.JwtUserDetailsService - User found
2021-05-11_11-53-34 [http-nio-8400-exec-4] INFO  c.c.a.service.JwtUserDetailsService - user successfully located
2021-05-11_11-53-34 [http-nio-8400-exec-6] INFO  c.c.a.service.JwtUserDetailsService - User found
2021-05-11_11-53-34 [http-nio-8400-exec-6] INFO  c.c.a.service.JwtUserDetailsService - user successfully located
2021-05-11_11-53-34 [http-nio-8400-exec-8] INFO  c.c.a.service.JwtUserDetailsService - User found
2021-05-11_11-53-34 [http-nio-8400-exec-8] INFO  c.c.a.service.JwtUserDetailsService - user successfully located
2021-05-11_11-53-34 [http-nio-8400-exec-10] INFO  c.c.a.service.JwtUserDetailsService - User found
2021-05-11_11-53-34 [http-nio-8400-exec-10] INFO  c.c.a.service.JwtUserDetailsService - user successfully located
2021-05-11_11-53-34 [http-nio-8400-exec-10] INFO  c.c.a.service.JwtUserDetailsService - User found
2021-05-11_11-53-34 [http-nio-8400-exec-10] INFO  c.c.a.service.JwtUserDetailsService - user successfully located
2021-05-11_11-53-34 [http-nio-8400-exec-1] INFO  c.c.a.service.JwtUserDetailsService - User found
2021-05-11_11-53-34 [http-nio-8400-exec-1] INFO  c.c.a.service.JwtUserDetailsService - user successfully located
2021-05-11_11-53-34 [http-nio-8400-exec-4] INFO  c.c.a.service.JwtUserDetailsService - User found
2021-05-11_11-53-34 [http-nio-8400-exec-4] INFO  c.c.a.service.JwtUserDetailsService - user successfully located
2021-05-11_11-53-34 [http-nio-8400-exec-5] INFO  c.c.a.service.JwtUserDetailsService - User found
2021-05-11_11-53-34 [http-nio-8400-exec-5] INFO  c.c.a.service.JwtUserDetailsService - user successfully located
2021-05-11_11-53-34 [http-nio-8400-exec-6] INFO  c.c.a.service.JwtUserDetailsService - User found
2021-05-11_11-53-34 [http-nio-8400-exec-6] INFO  c.c.a.service.JwtUserDetailsService - user successfully located
2021-05-11_11-53-34 [http-nio-8400-exec-7] INFO  c.c.a.service.JwtUserDetailsService - User found
2021-05-11_11-53-34 [http-nio-8400-exec-7] INFO  c.c.a.service.JwtUserDetailsService - user successfully located
2021-05-11_11-53-34 [http-nio-8400-exec-8] INFO  c.c.a.service.JwtUserDetailsService - User found
2021-05-11_11-53-34 [http-nio-8400-exec-8] INFO  c.c.a.service.JwtUserDetailsService - user successfully located
2021-05-11_11-53-34 [http-nio-8400-exec-9] INFO  c.c.a.service.JwtUserDetailsService - User found
2021-05-11_11-53-34 [http-nio-8400-exec-9] INFO  c.c.a.service.JwtUserDetailsService - user successfully located
2021-05-11_11-53-34 [http-nio-8400-exec-10] INFO  c.c.a.service.JwtUserDetailsService - User found
2021-05-11_11-53-34 [http-nio-8400-exec-10] INFO  c.c.a.service.JwtUserDetailsService - user successfully located
2021-05-11_11-53-34 [http-nio-8400-exec-1] INFO  c.c.a.service.JwtUserDetailsService - User found
2021-05-11_11-53-34 [http-nio-8400-exec-1] INFO  c.c.a.service.JwtUserDetailsService - user successfully located
2021-05-11_11-53-34 [http-nio-8400-exec-2] INFO  c.c.a.service.JwtUserDetailsService - User found
2021-05-11_11-53-34 [http-nio-8400-exec-2] INFO  c.c.a.service.JwtUserDetailsService - user successfully located
2021-05-11_11-53-34 [http-nio-8400-exec-3] INFO  c.c.a.service.JwtUserDetailsService - User found
2021-05-11_11-53-34 [http-nio-8400-exec-3] INFO  c.c.a.service.JwtUserDetailsService - user successfully located
2021-05-11_11-53-34 [http-nio-8400-exec-5] INFO  c.c.a.service.JwtUserDetailsService - User found
2021-05-11_11-53-34 [http-nio-8400-exec-5] INFO  c.c.a.service.JwtUserDetailsService - user successfully located
2021-05-11_11-53-34 [http-nio-8400-exec-7] INFO  c.c.a.service.JwtUserDetailsService - User found
2021-05-11_11-53-34 [http-nio-8400-exec-7] INFO  c.c.a.service.JwtUserDetailsService - user successfully located
2021-05-11_11-53-34 [http-nio-8400-exec-8] INFO  c.c.a.service.JwtUserDetailsService - User found
2021-05-11_11-53-34 [http-nio-8400-exec-8] INFO  c.c.a.service.JwtUserDetailsService - user successfully located
2021-05-11_11-53-34 [http-nio-8400-exec-9] INFO  c.c.a.service.JwtUserDetailsService - User found
2021-05-11_11-53-34 [http-nio-8400-exec-9] INFO  c.c.a.service.JwtUserDetailsService - user successfully located
2021-05-11_11-53-34 [http-nio-8400-exec-10] INFO  c.c.a.service.JwtUserDetailsService - User found
2021-05-11_11-53-34 [http-nio-8400-exec-10] INFO  c.c.a.service.JwtUserDetailsService - user successfully located
2021-05-11_11-53-34 [http-nio-8400-exec-2] INFO  c.c.a.service.JwtUserDetailsService - User found
2021-05-11_11-53-34 [http-nio-8400-exec-2] INFO  c.c.a.service.JwtUserDetailsService - user successfully located
2021-05-11_11-53-34 [http-nio-8400-exec-4] INFO  c.c.a.service.JwtUserDetailsService - User found
2021-05-11_11-53-34 [http-nio-8400-exec-4] INFO  c.c.a.service.JwtUserDetailsService - user successfully located
2021-05-11_11-53-34 [http-nio-8400-exec-5] INFO  c.c.a.service.JwtUserDetailsService - User found
2021-05-11_11-53-34 [http-nio-8400-exec-5] INFO  c.c.a.service.JwtUserDetailsService - user successfully located
2021-05-11_11-53-34 [http-nio-8400-exec-6] INFO  c.c.a.service.JwtUserDetailsService - User found
2021-05-11_11-53-34 [http-nio-8400-exec-6] INFO  c.c.a.service.JwtUserDetailsService - user successfully located
2021-05-11_11-53-34 [http-nio-8400-exec-7] INFO  c.c.a.service.JwtUserDetailsService - User found
2021-05-11_11-53-34 [http-nio-8400-exec-7] INFO  c.c.a.service.JwtUserDetailsService - user successfully located
2021-05-11_11-53-34 [http-nio-8400-exec-8] INFO  c.c.a.service.JwtUserDetailsService - User found
2021-05-11_11-53-34 [http-nio-8400-exec-8] INFO  c.c.a.service.JwtUserDetailsService - user successfully located
2021-05-11_11-53-34 [http-nio-8400-exec-9] INFO  c.c.a.service.JwtUserDetailsService - User found
2021-05-11_11-53-34 [http-nio-8400-exec-9] INFO  c.c.a.service.JwtUserDetailsService - user successfully located
2021-05-11_11-53-34 [http-nio-8400-exec-10] INFO  c.c.a.service.JwtUserDetailsService - User found
2021-05-11_11-53-34 [http-nio-8400-exec-10] INFO  c.c.a.service.JwtUserDetailsService - user successfully located
2021-05-11_11-53-34 [http-nio-8400-exec-1] INFO  c.c.a.service.JwtUserDetailsService - User found
2021-05-11_11-53-34 [http-nio-8400-exec-1] INFO  c.c.a.service.JwtUserDetailsService - user successfully located
2021-05-11_11-53-34 [http-nio-8400-exec-2] INFO  c.c.a.service.JwtUserDetailsService - User found
2021-05-11_11-53-34 [http-nio-8400-exec-2] INFO  c.c.a.service.JwtUserDetailsService - user successfully located
2021-05-11_11-53-34 [http-nio-8400-exec-4] INFO  c.c.a.service.JwtUserDetailsService - User found
2021-05-11_11-53-34 [http-nio-8400-exec-4] INFO  c.c.a.service.JwtUserDetailsService - user successfully located
2021-05-11_11-53-34 [http-nio-8400-exec-6] INFO  c.c.a.service.JwtUserDetailsService - User found
2021-05-11_11-53-34 [http-nio-8400-exec-6] INFO  c.c.a.service.JwtUserDetailsService - user successfully located
2021-05-11_11-53-34 [http-nio-8400-exec-7] INFO  c.c.a.service.JwtUserDetailsService - User found
2021-05-11_11-53-34 [http-nio-8400-exec-7] INFO  c.c.a.service.JwtUserDetailsService - user successfully located
2021-05-11_11-53-34 [http-nio-8400-exec-8] INFO  c.c.a.service.JwtUserDetailsService - User found
2021-05-11_11-53-34 [http-nio-8400-exec-8] INFO  c.c.a.service.JwtUserDetailsService - user successfully located
2021-05-11_11-53-34 [http-nio-8400-exec-10] INFO  c.c.a.service.JwtUserDetailsService - User found
2021-05-11_11-53-34 [http-nio-8400-exec-10] INFO  c.c.a.service.JwtUserDetailsService - user successfully located
2021-05-11_11-53-34 [http-nio-8400-exec-2] INFO  c.c.a.service.JwtUserDetailsService - User found
2021-05-11_11-53-34 [http-nio-8400-exec-2] INFO  c.c.a.service.JwtUserDetailsService - user successfully located
2021-05-11_11-53-34 [http-nio-8400-exec-3] INFO  c.c.a.service.JwtUserDetailsService - User found
2021-05-11_11-53-34 [http-nio-8400-exec-3] INFO  c.c.a.service.JwtUserDetailsService - user successfully located
2021-05-11_11-53-34 [http-nio-8400-exec-4] INFO  c.c.a.service.JwtUserDetailsService - User found
2021-05-11_11-53-34 [http-nio-8400-exec-4] INFO  c.c.a.service.JwtUserDetailsService - user successfully located
2021-05-11_11-53-34 [http-nio-8400-exec-5] INFO  c.c.a.service.JwtUserDetailsService - User found
2021-05-11_11-53-34 [http-nio-8400-exec-5] INFO  c.c.a.service.JwtUserDetailsService - user successfully located
2021-05-11_11-53-34 [http-nio-8400-exec-7] INFO  c.c.a.service.JwtUserDetailsService - User found
2021-05-11_11-53-34 [http-nio-8400-exec-7] INFO  c.c.a.service.JwtUserDetailsService - user successfully located
2021-05-11_11-53-34 [http-nio-8400-exec-7] INFO  c.c.a.service.JwtUserDetailsService - User found
2021-05-11_11-53-34 [http-nio-8400-exec-7] INFO  c.c.a.service.JwtUserDetailsService - user successfully located
2021-05-11_11-53-34 [http-nio-8400-exec-8] INFO  c.c.a.service.JwtUserDetailsService - User found
2021-05-11_11-53-34 [http-nio-8400-exec-8] INFO  c.c.a.service.JwtUserDetailsService - user successfully located
2021-05-11_11-53-34 [http-nio-8400-exec-9] INFO  c.c.a.service.JwtUserDetailsService - User found
2021-05-11_11-53-34 [http-nio-8400-exec-9] INFO  c.c.a.service.JwtUserDetailsService - user successfully located
2021-05-11_11-53-34 [http-nio-8400-exec-10] INFO  c.c.a.service.JwtUserDetailsService - User found
2021-05-11_11-53-34 [http-nio-8400-exec-10] INFO  c.c.a.service.JwtUserDetailsService - user successfully located
2021-05-11_11-53-34 [http-nio-8400-exec-1] INFO  c.c.a.service.JwtUserDetailsService - User found
2021-05-11_11-53-34 [http-nio-8400-exec-1] INFO  c.c.a.service.JwtUserDetailsService - user successfully located
2021-05-11_11-53-34 [http-nio-8400-exec-3] INFO  c.c.a.service.JwtUserDetailsService - User found
2021-05-11_11-53-34 [http-nio-8400-exec-3] INFO  c.c.a.service.JwtUserDetailsService - user successfully located
2021-05-11_11-53-34 [http-nio-8400-exec-4] INFO  c.c.a.service.JwtUserDetailsService - User found
2021-05-11_11-53-34 [http-nio-8400-exec-4] INFO  c.c.a.service.JwtUserDetailsService - user successfully located
2021-05-11_11-53-34 [http-nio-8400-exec-5] INFO  c.c.a.service.JwtUserDetailsService - User found
2021-05-11_11-53-34 [http-nio-8400-exec-5] INFO  c.c.a.service.JwtUserDetailsService - user successfully located
2021-05-11_11-53-34 [http-nio-8400-exec-7] INFO  c.c.a.service.JwtUserDetailsService - User found
2021-05-11_11-53-34 [http-nio-8400-exec-7] INFO  c.c.a.service.JwtUserDetailsService - user successfully located
2021-05-11_11-53-34 [http-nio-8400-exec-8] INFO  c.c.a.service.JwtUserDetailsService - User found
2021-05-11_11-53-34 [http-nio-8400-exec-8] INFO  c.c.a.service.JwtUserDetailsService - user successfully located
2021-05-11_11-53-34 [http-nio-8400-exec-9] INFO  c.c.a.service.JwtUserDetailsService - User found
2021-05-11_11-53-34 [http-nio-8400-exec-9] INFO  c.c.a.service.JwtUserDetailsService - user successfully located
2021-05-11_11-53-34 [http-nio-8400-exec-10] INFO  c.c.a.service.JwtUserDetailsService - User found
2021-05-11_11-53-34 [http-nio-8400-exec-10] INFO  c.c.a.service.JwtUserDetailsService - user successfully located
2021-05-11_11-53-34 [http-nio-8400-exec-1] INFO  c.c.a.service.JwtUserDetailsService - User found
2021-05-11_11-53-34 [http-nio-8400-exec-1] INFO  c.c.a.service.JwtUserDetailsService - user successfully located
2021-05-11_11-53-34 [http-nio-8400-exec-3] INFO  c.c.a.service.JwtUserDetailsService - User found
2021-05-11_11-53-34 [http-nio-8400-exec-3] INFO  c.c.a.service.JwtUserDetailsService - user successfully located
2021-05-11_11-53-34 [http-nio-8400-exec-4] INFO  c.c.a.service.JwtUserDetailsService - User found
2021-05-11_11-53-34 [http-nio-8400-exec-4] INFO  c.c.a.service.JwtUserDetailsService - user successfully located
2021-05-11_11-53-34 [http-nio-8400-exec-5] INFO  c.c.a.service.JwtUserDetailsService - User found
2021-05-11_11-53-34 [http-nio-8400-exec-5] INFO  c.c.a.service.JwtUserDetailsService - user successfully located
2021-05-11_11-53-34 [http-nio-8400-exec-6] INFO  c.c.a.service.JwtUserDetailsService - User found
2021-05-11_11-53-34 [http-nio-8400-exec-6] INFO  c.c.a.service.JwtUserDetailsService - user successfully located
2021-05-11_11-53-34 [http-nio-8400-exec-7] INFO  c.c.a.service.JwtUserDetailsService - User found
2021-05-11_11-53-34 [http-nio-8400-exec-7] INFO  c.c.a.service.JwtUserDetailsService - user successfully located
2021-05-11_11-53-34 [http-nio-8400-exec-8] INFO  c.c.a.service.JwtUserDetailsService - User found
2021-05-11_11-53-34 [http-nio-8400-exec-8] INFO  c.c.a.service.JwtUserDetailsService - user successfully located
2021-05-11_11-53-34 [http-nio-8400-exec-10] INFO  c.c.a.service.JwtUserDetailsService - User found
2021-05-11_11-53-34 [http-nio-8400-exec-10] INFO  c.c.a.service.JwtUserDetailsService - user successfully located
2021-05-11_11-53-34 [http-nio-8400-exec-1] INFO  c.c.a.service.JwtUserDetailsService - User found
2021-05-11_11-53-34 [http-nio-8400-exec-1] INFO  c.c.a.service.JwtUserDetailsService - user successfully located
2021-05-11_11-53-34 [http-nio-8400-exec-2] INFO  c.c.a.service.JwtUserDetailsService - User found
2021-05-11_11-53-34 [http-nio-8400-exec-2] INFO  c.c.a.service.JwtUserDetailsService - user successfully located
2021-05-11_11-53-34 [http-nio-8400-exec-3] INFO  c.c.a.service.JwtUserDetailsService - User found
2021-05-11_11-53-34 [http-nio-8400-exec-3] INFO  c.c.a.service.JwtUserDetailsService - user successfully located
2021-05-11_11-53-34 [http-nio-8400-exec-5] INFO  c.c.a.service.JwtUserDetailsService - User found
2021-05-11_11-53-34 [http-nio-8400-exec-5] INFO  c.c.a.service.JwtUserDetailsService - user successfully located
2021-05-11_11-53-34 [http-nio-8400-exec-6] INFO  c.c.a.service.JwtUserDetailsService - User found
2021-05-11_11-53-34 [http-nio-8400-exec-6] INFO  c.c.a.service.JwtUserDetailsService - user successfully located
2021-05-11_11-53-34 [http-nio-8400-exec-7] INFO  c.c.a.service.JwtUserDetailsService - User found
2021-05-11_11-53-34 [http-nio-8400-exec-7] INFO  c.c.a.service.JwtUserDetailsService - user successfully located
2021-05-11_11-53-34 [http-nio-8400-exec-9] INFO  c.c.a.service.JwtUserDetailsService - User found
2021-05-11_11-53-34 [http-nio-8400-exec-9] INFO  c.c.a.service.JwtUserDetailsService - user successfully located
2021-05-11_11-53-34 [http-nio-8400-exec-10] INFO  c.c.a.service.JwtUserDetailsService - User found
2021-05-11_11-53-34 [http-nio-8400-exec-10] INFO  c.c.a.service.JwtUserDetailsService - user successfully located
2021-05-11_11-53-34 [http-nio-8400-exec-2] INFO  c.c.a.service.JwtUserDetailsService - User found
2021-05-11_11-53-34 [http-nio-8400-exec-2] INFO  c.c.a.service.JwtUserDetailsService - user successfully located
2021-05-11_11-53-34 [http-nio-8400-exec-4] INFO  c.c.a.service.JwtUserDetailsService - User found
2021-05-11_11-53-34 [http-nio-8400-exec-4] INFO  c.c.a.service.JwtUserDetailsService - user successfully located
2021-05-11_11-53-34 [http-nio-8400-exec-4] INFO  c.c.a.service.JwtUserDetailsService - User found
2021-05-11_11-53-34 [http-nio-8400-exec-4] INFO  c.c.a.service.JwtUserDetailsService - user successfully located
2021-05-11_11-53-34 [http-nio-8400-exec-5] INFO  c.c.a.service.JwtUserDetailsService - User found
2021-05-11_11-53-34 [http-nio-8400-exec-5] INFO  c.c.a.service.JwtUserDetailsService - user successfully located
2021-05-11_11-53-34 [http-nio-8400-exec-6] INFO  c.c.a.service.JwtUserDetailsService - User found
2021-05-11_11-53-34 [http-nio-8400-exec-6] INFO  c.c.a.service.JwtUserDetailsService - user successfully located
2021-05-11_11-53-34 [http-nio-8400-exec-7] INFO  c.c.a.service.JwtUserDetailsService - User found
2021-05-11_11-53-34 [http-nio-8400-exec-7] INFO  c.c.a.service.JwtUserDetailsService - user successfully located
2021-05-11_11-53-34 [http-nio-8400-exec-8] INFO  c.c.a.service.JwtUserDetailsService - User found
2021-05-11_11-53-34 [http-nio-8400-exec-8] INFO  c.c.a.service.JwtUserDetailsService - user successfully located
2021-05-11_11-53-34 [http-nio-8400-exec-9] INFO  c.c.a.service.JwtUserDetailsService - User found
2021-05-11_11-53-34 [http-nio-8400-exec-9] INFO  c.c.a.service.JwtUserDetailsService - user successfully located
2021-05-11_11-53-34 [http-nio-8400-exec-10] INFO  c.c.a.service.JwtUserDetailsService - User found
2021-05-11_11-53-34 [http-nio-8400-exec-10] INFO  c.c.a.service.JwtUserDetailsService - user successfully located
2021-05-11_11-53-34 [http-nio-8400-exec-1] INFO  c.c.a.service.JwtUserDetailsService - User found
2021-05-11_11-53-34 [http-nio-8400-exec-1] INFO  c.c.a.service.JwtUserDetailsService - user successfully located
2021-05-11_11-53-34 [http-nio-8400-exec-2] INFO  c.c.a.service.JwtUserDetailsService - User found
2021-05-11_11-53-34 [http-nio-8400-exec-2] INFO  c.c.a.service.JwtUserDetailsService - user successfully located
2021-05-11_11-53-34 [http-nio-8400-exec-3] INFO  c.c.a.service.JwtUserDetailsService - User found
2021-05-11_11-53-34 [http-nio-8400-exec-3] INFO  c.c.a.service.JwtUserDetailsService - user successfully located
2021-05-11_11-53-34 [http-nio-8400-exec-4] INFO  c.c.a.service.JwtUserDetailsService - User found
2021-05-11_11-53-34 [http-nio-8400-exec-4] INFO  c.c.a.service.JwtUserDetailsService - user successfully located
2021-05-11_11-53-34 [http-nio-8400-exec-5] INFO  c.c.a.service.JwtUserDetailsService - User found
2021-05-11_11-53-34 [http-nio-8400-exec-5] INFO  c.c.a.service.JwtUserDetailsService - user successfully located
2021-05-11_11-53-34 [http-nio-8400-exec-8] INFO  c.c.a.service.JwtUserDetailsService - User found
2021-05-11_11-53-34 [http-nio-8400-exec-8] INFO  c.c.a.service.JwtUserDetailsService - user successfully located
2021-05-11_11-53-34 [http-nio-8400-exec-9] INFO  c.c.a.service.JwtUserDetailsService - User found
2021-05-11_11-53-34 [http-nio-8400-exec-9] INFO  c.c.a.service.JwtUserDetailsService - user successfully located
2021-05-11_11-53-34 [http-nio-8400-exec-10] INFO  c.c.a.service.JwtUserDetailsService - User found
2021-05-11_11-53-34 [http-nio-8400-exec-10] INFO  c.c.a.service.JwtUserDetailsService - user successfully located
2021-05-11_11-53-34 [http-nio-8400-exec-1] INFO  c.c.a.service.JwtUserDetailsService - User found
2021-05-11_11-53-34 [http-nio-8400-exec-1] INFO  c.c.a.service.JwtUserDetailsService - user successfully located
2021-05-11_11-53-34 [http-nio-8400-exec-2] INFO  c.c.a.service.JwtUserDetailsService - User found
2021-05-11_11-53-34 [http-nio-8400-exec-2] INFO  c.c.a.service.JwtUserDetailsService - user successfully located
2021-05-11_11-53-34 [http-nio-8400-exec-3] INFO  c.c.a.service.JwtUserDetailsService - User found
2021-05-11_11-53-34 [http-nio-8400-exec-3] INFO  c.c.a.service.JwtUserDetailsService - user successfully located
2021-05-11_11-53-34 [http-nio-8400-exec-4] INFO  c.c.a.service.JwtUserDetailsService - User found
2021-05-11_11-53-34 [http-nio-8400-exec-4] INFO  c.c.a.service.JwtUserDetailsService - user successfully located
2021-05-11_11-53-34 [http-nio-8400-exec-5] INFO  c.c.a.service.JwtUserDetailsService - User found
2021-05-11_11-53-34 [http-nio-8400-exec-5] INFO  c.c.a.service.JwtUserDetailsService - user successfully located
2021-05-11_11-53-34 [http-nio-8400-exec-6] INFO  c.c.a.service.JwtUserDetailsService - User found
2021-05-11_11-53-34 [http-nio-8400-exec-6] INFO  c.c.a.service.JwtUserDetailsService - user successfully located
2021-05-11_11-53-34 [RMI TCP Connection(158)-127.0.0.1] INFO  o.s.b.a.SpringApplicationAdminMXBeanRegistrar$SpringApplicationAdmin - Application shutdown requested.
2021-05-11_11-53-34 [RMI TCP Connection(158)-127.0.0.1] INFO  o.s.s.c.ThreadPoolTaskExecutor - Shutting down ExecutorService 'applicationTaskExecutor'
2021-05-11_11-53-34 [RMI TCP Connection(158)-127.0.0.1] INFO  o.s.o.j.LocalContainerEntityManagerFactoryBean - Closing JPA EntityManagerFactory for persistence unit 'default'
2021-05-11_11-53-34 [RMI TCP Connection(158)-127.0.0.1] INFO  o.h.t.s.i.SchemaDropperImpl$DelayedDropActionImpl - HHH000477: Starting delayed evictData of schema as part of SessionFactory shut-down'
2021-05-11_11-53-34 [RMI TCP Connection(158)-127.0.0.1] INFO  com.zaxxer.hikari.HikariDataSource - HikariPool-1 - Shutdown initiated...
2021-05-11_11-53-34 [RMI TCP Connection(158)-127.0.0.1] INFO  com.zaxxer.hikari.HikariDataSource - HikariPool-1 - Shutdown completed.
2021-05-11_14-28-36 [restartedMain] INFO  c.c.a.AuthorizatiionMicroserviceApplication - Starting AuthorizatiionMicroserviceApplication using Java 1.8.0_271 on DESKTOP-DTJ4D8S with PID 12792 (C:\Users\srich\Desktop\Enhancement Project\MyProject\CDE-Project-International-Patients-treatment-management\Authorizatiion-Microservice\target\classes started by srich in C:\Users\srich\Desktop\Enhancement Project\MyProject\CDE-Project-International-Patients-treatment-management\Authorizatiion-Microservice)
2021-05-11_14-28-36 [restartedMain] INFO  c.c.a.AuthorizatiionMicroserviceApplication - No active profile set, falling back to default profiles: default
2021-05-11_14-28-36 [restartedMain] INFO  o.s.b.d.e.DevToolsPropertyDefaultsPostProcessor - Devtools property defaults active! Set 'spring.devtools.add-properties' to 'false' to disable
2021-05-11_14-28-36 [restartedMain] INFO  o.s.b.d.e.DevToolsPropertyDefaultsPostProcessor - For additional web related logging consider setting the 'logging.level.web' property to 'DEBUG'
2021-05-11_14-28-36 [restartedMain] INFO  o.s.d.r.c.RepositoryConfigurationDelegate - Bootstrapping Spring Data JPA repositories in DEFAULT mode.
2021-05-11_14-28-36 [restartedMain] INFO  o.s.d.r.c.RepositoryConfigurationDelegate - Finished Spring Data repository scanning in 1574 ms. Found 1 JPA repository interfaces.
2021-05-11_14-28-36 [restartedMain] INFO  o.s.cloud.context.scope.GenericScope - BeanFactory id=edea1387-1a2d-33de-8525-4ed44fa6e3e5
2021-05-11_14-28-36 [restartedMain] INFO  o.s.b.w.e.tomcat.TomcatWebServer - Tomcat initialized with port(s): 8400 (http)
2021-05-11_14-28-36 [restartedMain] INFO  o.a.coyote.http11.Http11NioProtocol - Initializing ProtocolHandler ["http-nio-8400"]
2021-05-11_14-28-36 [restartedMain] INFO  o.a.catalina.core.StandardService - Starting service [Tomcat]
2021-05-11_14-28-36 [restartedMain] INFO  o.a.catalina.core.StandardEngine - Starting Servlet engine: [Apache Tomcat/9.0.41]
2021-05-11_14-28-36 [restartedMain] INFO  o.a.c.c.C.[.[localhost].[/auth] - Initializing Spring embedded WebApplicationContext
2021-05-11_14-28-36 [restartedMain] INFO  o.s.b.w.s.c.ServletWebServerApplicationContext - Root WebApplicationContext: initialization completed in 17121 ms
2021-05-11_14-28-36 [restartedMain] INFO  com.zaxxer.hikari.HikariDataSource - HikariPool-1 - Starting...
2021-05-11_14-28-36 [restartedMain] INFO  com.zaxxer.hikari.HikariDataSource - HikariPool-1 - Start completed.
2021-05-11_14-28-36 [restartedMain] INFO  o.s.b.a.h.H2ConsoleAutoConfiguration - H2 console available at '/db'. Database available at 'jdbc:h2:mem:testdb'
2021-05-11_14-28-36 [restartedMain] INFO  o.h.jpa.internal.util.LogHelper - HHH000204: Processing PersistenceUnitInfo [name: default]
2021-05-11_14-28-36 [restartedMain] INFO  org.hibernate.Version - HHH000412: Hibernate ORM core version 5.4.27.Final
2021-05-11_14-28-36 [restartedMain] INFO  o.h.annotations.common.Version - HCANN000001: Hibernate Commons Annotations {5.1.2.Final}
2021-05-11_14-28-36 [restartedMain] INFO  org.hibernate.dialect.Dialect - HHH000400: Using dialect: org.hibernate.dialect.H2Dialect
2021-05-11_14-28-36 [restartedMain] INFO  o.h.e.t.j.p.i.JtaPlatformInitiator - HHH000490: Using JtaPlatform implementation: [org.hibernate.engine.transaction.jta.platform.internal.NoJtaPlatform]
2021-05-11_14-28-36 [restartedMain] INFO  o.s.o.j.LocalContainerEntityManagerFactoryBean - Initialized JPA EntityManagerFactory for persistence unit 'default'
2021-05-11_14-28-36 [restartedMain] INFO  s.d.s.w.PropertySourcedRequestMappingHandlerMapping - Mapped URL path [/v2/api-docs] onto method [springfox.documentation.swagger2.web.Swagger2Controller#getDocumentation(String, HttpServletRequest)]
2021-05-11_14-28-36 [restartedMain] INFO  o.s.s.web.DefaultSecurityFilterChain - Will secure any request with [org.springframework.security.web.context.request.async.WebAsyncManagerIntegrationFilter@5e775c78, org.springframework.security.web.context.SecurityContextPersistenceFilter@29bbaf9f, org.springframework.security.web.header.HeaderWriterFilter@21d5e406, org.springframework.security.web.authentication.logout.LogoutFilter@f87d30b, com.cts.authorization.config.JwtRequestFilter@36a860d5, org.springframework.security.web.savedrequest.RequestCacheAwareFilter@34a78bba, org.springframework.security.web.servletapi.SecurityContextHolderAwareRequestFilter@2b3bfd2a, org.springframework.security.web.authentication.AnonymousAuthenticationFilter@53ace02e, org.springframework.security.web.session.SessionManagementFilter@8c92378, org.springframework.security.web.access.ExceptionTranslationFilter@552131d, org.springframework.security.web.access.intercept.FilterSecurityInterceptor@2733eefa]
2021-05-11_14-28-36 [restartedMain] INFO  o.s.s.c.ThreadPoolTaskExecutor - Initializing ExecutorService 'applicationTaskExecutor'
2021-05-11_14-28-36 [restartedMain] INFO  o.a.coyote.http11.Http11NioProtocol - Starting ProtocolHandler ["http-nio-8400"]
2021-05-11_14-28-36 [restartedMain] INFO  o.s.b.w.e.tomcat.TomcatWebServer - Tomcat started on port(s): 8400 (http) with context path '/auth'
2021-05-11_14-28-36 [restartedMain] INFO  s.d.s.w.p.DocumentationPluginsBootstrapper - Context refreshed
2021-05-11_14-28-36 [restartedMain] INFO  s.d.s.w.p.DocumentationPluginsBootstrapper - Found 1 custom documentation plugin(s)
2021-05-11_14-28-36 [restartedMain] INFO  s.d.s.w.s.ApiListingReferenceScanner - Scanning for api listing references
2021-05-11_14-28-36 [restartedMain] INFO  c.c.a.AuthorizatiionMicroserviceApplication - Started AuthorizatiionMicroserviceApplication in 37.737 seconds (JVM running for 65.146)
2021-05-11_14-28-36 [http-nio-8400-exec-2] INFO  o.a.c.c.C.[.[localhost].[/auth] - Initializing Spring DispatcherServlet 'dispatcherServlet'
2021-05-11_14-28-36 [http-nio-8400-exec-2] INFO  o.s.web.servlet.DispatcherServlet - Initializing Servlet 'dispatcherServlet'
2021-05-11_14-28-36 [http-nio-8400-exec-2] INFO  o.s.web.servlet.DispatcherServlet - Completed initialization in 2 ms
2021-05-11_14-28-36 [http-nio-8400-exec-2] INFO  c.c.a.service.JwtUserDetailsService - User found
2021-05-11_14-28-36 [http-nio-8400-exec-2] INFO  c.c.a.service.JwtUserDetailsService - user successfully located
2021-05-11_14-28-36 [http-nio-8400-exec-1] INFO  c.c.a.service.JwtUserDetailsService - User found
2021-05-11_14-28-36 [http-nio-8400-exec-1] INFO  c.c.a.service.JwtUserDetailsService - user successfully located
2021-05-11_14-28-36 [http-nio-8400-exec-3] INFO  c.c.a.service.JwtUserDetailsService - User found
2021-05-11_14-28-36 [http-nio-8400-exec-3] INFO  c.c.a.service.JwtUserDetailsService - user successfully located
2021-05-11_14-28-36 [http-nio-8400-exec-4] INFO  c.c.a.service.JwtUserDetailsService - User found
2021-05-11_14-28-36 [http-nio-8400-exec-4] INFO  c.c.a.service.JwtUserDetailsService - user successfully located
2021-05-11_14-28-36 [http-nio-8400-exec-5] INFO  c.c.a.service.JwtUserDetailsService - User found
2021-05-11_14-28-36 [http-nio-8400-exec-5] INFO  c.c.a.service.JwtUserDetailsService - user successfully located
2021-05-11_14-28-36 [http-nio-8400-exec-6] INFO  c.c.a.service.JwtUserDetailsService - User found
2021-05-11_14-28-36 [http-nio-8400-exec-6] INFO  c.c.a.service.JwtUserDetailsService - user successfully located
2021-05-11_14-28-36 [http-nio-8400-exec-7] INFO  c.c.a.service.JwtUserDetailsService - User found
2021-05-11_14-28-36 [http-nio-8400-exec-7] INFO  c.c.a.service.JwtUserDetailsService - user successfully located
2021-05-11_14-28-36 [http-nio-8400-exec-8] INFO  c.c.a.service.JwtUserDetailsService - User found
2021-05-11_14-28-36 [http-nio-8400-exec-8] INFO  c.c.a.service.JwtUserDetailsService - user successfully located
2021-05-11_14-28-36 [http-nio-8400-exec-9] INFO  c.c.a.service.JwtUserDetailsService - User found
2021-05-11_14-28-36 [http-nio-8400-exec-9] INFO  c.c.a.service.JwtUserDetailsService - user successfully located
2021-05-11_14-28-36 [http-nio-8400-exec-10] INFO  c.c.a.service.JwtUserDetailsService - User found
2021-05-11_14-28-36 [http-nio-8400-exec-10] INFO  c.c.a.service.JwtUserDetailsService - user successfully located
2021-05-11_14-28-36 [RMI TCP Connection(7)-127.0.0.1] INFO  o.s.b.a.SpringApplicationAdminMXBeanRegistrar$SpringApplicationAdmin - Application shutdown requested.
2021-05-11_14-28-36 [RMI TCP Connection(7)-127.0.0.1] INFO  o.s.s.c.ThreadPoolTaskExecutor - Shutting down ExecutorService 'applicationTaskExecutor'
2021-05-11_14-28-36 [RMI TCP Connection(7)-127.0.0.1] INFO  o.s.o.j.LocalContainerEntityManagerFactoryBean - Closing JPA EntityManagerFactory for persistence unit 'default'
2021-05-11_14-28-36 [RMI TCP Connection(7)-127.0.0.1] INFO  o.h.t.s.i.SchemaDropperImpl$DelayedDropActionImpl - HHH000477: Starting delayed evictData of schema as part of SessionFactory shut-down'
2021-05-11_14-28-36 [RMI TCP Connection(7)-127.0.0.1] INFO  com.zaxxer.hikari.HikariDataSource - HikariPool-1 - Shutdown initiated...
2021-05-11_14-28-36 [RMI TCP Connection(7)-127.0.0.1] INFO  com.zaxxer.hikari.HikariDataSource - HikariPool-1 - Shutdown completed.
2021-05-11_16-18-47 [restartedMain] INFO  c.c.a.AuthorizatiionMicroserviceApplication - Starting AuthorizatiionMicroserviceApplication using Java 1.8.0_271 on DESKTOP-DTJ4D8S with PID 12908 (C:\Users\srich\Desktop\Enhancement Project\MyProject\CDE-Project-International-Patients-treatment-management\Authorizatiion-Microservice\target\classes started by srich in C:\Users\srich\Desktop\Enhancement Project\MyProject\CDE-Project-International-Patients-treatment-management\Authorizatiion-Microservice)
2021-05-11_16-18-47 [restartedMain] INFO  c.c.a.AuthorizatiionMicroserviceApplication - No active profile set, falling back to default profiles: default
2021-05-11_16-18-47 [restartedMain] INFO  o.s.b.d.e.DevToolsPropertyDefaultsPostProcessor - Devtools property defaults active! Set 'spring.devtools.add-properties' to 'false' to disable
2021-05-11_16-18-47 [restartedMain] INFO  o.s.b.d.e.DevToolsPropertyDefaultsPostProcessor - For additional web related logging consider setting the 'logging.level.web' property to 'DEBUG'
2021-05-11_16-18-47 [restartedMain] INFO  o.s.d.r.c.RepositoryConfigurationDelegate - Bootstrapping Spring Data JPA repositories in DEFAULT mode.
2021-05-11_16-18-47 [restartedMain] INFO  o.s.d.r.c.RepositoryConfigurationDelegate - Finished Spring Data repository scanning in 83 ms. Found 1 JPA repository interfaces.
2021-05-11_16-18-47 [restartedMain] INFO  o.s.cloud.context.scope.GenericScope - BeanFactory id=edea1387-1a2d-33de-8525-4ed44fa6e3e5
2021-05-11_16-18-47 [restartedMain] INFO  o.s.b.w.e.tomcat.TomcatWebServer - Tomcat initialized with port(s): 8400 (http)
2021-05-11_16-18-47 [restartedMain] INFO  o.a.coyote.http11.Http11NioProtocol - Initializing ProtocolHandler ["http-nio-8400"]
2021-05-11_16-18-47 [restartedMain] INFO  o.a.catalina.core.StandardService - Starting service [Tomcat]
2021-05-11_16-18-47 [restartedMain] INFO  o.a.catalina.core.StandardEngine - Starting Servlet engine: [Apache Tomcat/9.0.41]
2021-05-11_16-18-47 [restartedMain] INFO  o.a.c.c.C.[.[localhost].[/auth] - Initializing Spring embedded WebApplicationContext
2021-05-11_16-18-47 [restartedMain] INFO  o.s.b.w.s.c.ServletWebServerApplicationContext - Root WebApplicationContext: initialization completed in 3991 ms
2021-05-11_16-18-47 [restartedMain] INFO  com.zaxxer.hikari.HikariDataSource - HikariPool-1 - Starting...
2021-05-11_16-18-47 [restartedMain] INFO  com.zaxxer.hikari.HikariDataSource - HikariPool-1 - Start completed.
2021-05-11_16-18-47 [restartedMain] INFO  o.s.b.a.h.H2ConsoleAutoConfiguration - H2 console available at '/db'. Database available at 'jdbc:h2:mem:testdb'
2021-05-11_16-18-47 [restartedMain] INFO  o.h.jpa.internal.util.LogHelper - HHH000204: Processing PersistenceUnitInfo [name: default]
2021-05-11_16-18-47 [restartedMain] INFO  org.hibernate.Version - HHH000412: Hibernate ORM core version 5.4.27.Final
2021-05-11_16-18-47 [restartedMain] INFO  o.h.annotations.common.Version - HCANN000001: Hibernate Commons Annotations {5.1.2.Final}
2021-05-11_16-18-47 [restartedMain] INFO  org.hibernate.dialect.Dialect - HHH000400: Using dialect: org.hibernate.dialect.H2Dialect
2021-05-11_16-18-47 [restartedMain] INFO  o.h.e.t.j.p.i.JtaPlatformInitiator - HHH000490: Using JtaPlatform implementation: [org.hibernate.engine.transaction.jta.platform.internal.NoJtaPlatform]
2021-05-11_16-18-47 [restartedMain] INFO  o.s.o.j.LocalContainerEntityManagerFactoryBean - Initialized JPA EntityManagerFactory for persistence unit 'default'
2021-05-11_16-18-47 [restartedMain] INFO  s.d.s.w.PropertySourcedRequestMappingHandlerMapping - Mapped URL path [/v2/api-docs] onto method [springfox.documentation.swagger2.web.Swagger2Controller#getDocumentation(String, HttpServletRequest)]
2021-05-11_16-18-47 [restartedMain] INFO  o.s.s.web.DefaultSecurityFilterChain - Will secure any request with [org.springframework.security.web.context.request.async.WebAsyncManagerIntegrationFilter@1376ecba, org.springframework.security.web.context.SecurityContextPersistenceFilter@5af51dc2, org.springframework.security.web.header.HeaderWriterFilter@1f97342d, org.springframework.security.web.authentication.logout.LogoutFilter@3edab2f7, com.cts.authorization.config.JwtRequestFilter@45a3e0e9, org.springframework.security.web.savedrequest.RequestCacheAwareFilter@797a7667, org.springframework.security.web.servletapi.SecurityContextHolderAwareRequestFilter@52da295a, org.springframework.security.web.authentication.AnonymousAuthenticationFilter@387cb10a, org.springframework.security.web.session.SessionManagementFilter@672ae9c0, org.springframework.security.web.access.ExceptionTranslationFilter@65a8a0ac, org.springframework.security.web.access.intercept.FilterSecurityInterceptor@5bcb6144]
2021-05-11_16-18-47 [restartedMain] INFO  o.s.s.c.ThreadPoolTaskExecutor - Initializing ExecutorService 'applicationTaskExecutor'
2021-05-11_16-18-47 [restartedMain] INFO  o.a.coyote.http11.Http11NioProtocol - Starting ProtocolHandler ["http-nio-8400"]
2021-05-11_16-18-47 [restartedMain] INFO  o.s.b.w.e.tomcat.TomcatWebServer - Tomcat started on port(s): 8400 (http) with context path '/auth'
2021-05-11_16-18-47 [restartedMain] INFO  s.d.s.w.p.DocumentationPluginsBootstrapper - Context refreshed
2021-05-11_16-18-47 [restartedMain] INFO  s.d.s.w.p.DocumentationPluginsBootstrapper - Found 1 custom documentation plugin(s)
2021-05-11_16-18-47 [restartedMain] INFO  s.d.s.w.s.ApiListingReferenceScanner - Scanning for api listing references
2021-05-11_16-18-47 [restartedMain] INFO  c.c.a.AuthorizatiionMicroserviceApplication - Started AuthorizatiionMicroserviceApplication in 14.877 seconds (JVM running for 16.81)
2021-05-11_16-18-47 [http-nio-8400-exec-1] INFO  o.a.c.c.C.[.[localhost].[/auth] - Initializing Spring DispatcherServlet 'dispatcherServlet'
2021-05-11_16-18-47 [http-nio-8400-exec-1] INFO  o.s.web.servlet.DispatcherServlet - Initializing Servlet 'dispatcherServlet'
2021-05-11_16-18-47 [http-nio-8400-exec-1] INFO  o.s.web.servlet.DispatcherServlet - Completed initialization in 2 ms
2021-05-11_16-18-47 [http-nio-8400-exec-1] INFO  c.c.a.service.JwtUserDetailsService - User found
2021-05-11_16-18-47 [http-nio-8400-exec-1] INFO  c.c.a.service.JwtUserDetailsService - user successfully located
2021-05-11_16-18-47 [http-nio-8400-exec-1] INFO  c.c.a.service.JwtUserDetailsService - User found
2021-05-11_16-18-47 [http-nio-8400-exec-1] INFO  c.c.a.service.JwtUserDetailsService - user successfully located
2021-05-11_16-18-47 [http-nio-8400-exec-2] INFO  c.c.a.service.JwtUserDetailsService - User found
2021-05-11_16-18-47 [http-nio-8400-exec-2] INFO  c.c.a.service.JwtUserDetailsService - user successfully located
2021-05-11_16-18-47 [RMI TCP Connection(12)-127.0.0.1] INFO  o.s.b.a.SpringApplicationAdminMXBeanRegistrar$SpringApplicationAdmin - Application shutdown requested.
2021-05-11_16-18-47 [RMI TCP Connection(12)-127.0.0.1] INFO  o.s.s.c.ThreadPoolTaskExecutor - Shutting down ExecutorService 'applicationTaskExecutor'
2021-05-11_16-18-47 [RMI TCP Connection(12)-127.0.0.1] INFO  o.s.o.j.LocalContainerEntityManagerFactoryBean - Closing JPA EntityManagerFactory for persistence unit 'default'
2021-05-11_16-18-47 [RMI TCP Connection(12)-127.0.0.1] INFO  o.h.t.s.i.SchemaDropperImpl$DelayedDropActionImpl - HHH000477: Starting delayed evictData of schema as part of SessionFactory shut-down'
2021-05-11_16-18-47 [RMI TCP Connection(12)-127.0.0.1] INFO  com.zaxxer.hikari.HikariDataSource - HikariPool-1 - Shutdown initiated...
2021-05-11_16-18-47 [RMI TCP Connection(12)-127.0.0.1] INFO  com.zaxxer.hikari.HikariDataSource - HikariPool-1 - Shutdown completed.
2021-05-11_19-48-48 [restartedMain] INFO  c.c.a.AuthorizatiionMicroserviceApplication - Starting AuthorizatiionMicroserviceApplication using Java 1.8.0_271 on DESKTOP-DTJ4D8S with PID 17636 (C:\Users\srich\Desktop\Enhancement Project\MyProject\CDE-Project-International-Patients-treatment-management\Authorizatiion-Microservice\target\classes started by srich in C:\Users\srich\Desktop\Enhancement Project\MyProject\CDE-Project-International-Patients-treatment-management\Authorizatiion-Microservice)
2021-05-11_19-48-48 [restartedMain] INFO  c.c.a.AuthorizatiionMicroserviceApplication - No active profile set, falling back to default profiles: default
2021-05-11_19-48-48 [restartedMain] INFO  o.s.b.d.e.DevToolsPropertyDefaultsPostProcessor - Devtools property defaults active! Set 'spring.devtools.add-properties' to 'false' to disable
2021-05-11_19-48-48 [restartedMain] INFO  o.s.b.d.e.DevToolsPropertyDefaultsPostProcessor - For additional web related logging consider setting the 'logging.level.web' property to 'DEBUG'
2021-05-11_19-48-48 [restartedMain] INFO  o.s.d.r.c.RepositoryConfigurationDelegate - Bootstrapping Spring Data JPA repositories in DEFAULT mode.
2021-05-11_19-48-48 [restartedMain] INFO  o.s.d.r.c.RepositoryConfigurationDelegate - Finished Spring Data repository scanning in 78 ms. Found 1 JPA repository interfaces.
2021-05-11_19-48-48 [restartedMain] INFO  o.s.cloud.context.scope.GenericScope - BeanFactory id=edea1387-1a2d-33de-8525-4ed44fa6e3e5
2021-05-11_19-48-48 [restartedMain] INFO  o.s.b.w.e.tomcat.TomcatWebServer - Tomcat initialized with port(s): 8400 (http)
2021-05-11_19-48-48 [restartedMain] INFO  o.a.coyote.http11.Http11NioProtocol - Initializing ProtocolHandler ["http-nio-8400"]
2021-05-11_19-48-48 [restartedMain] INFO  o.a.catalina.core.StandardService - Starting service [Tomcat]
2021-05-11_19-48-48 [restartedMain] INFO  o.a.catalina.core.StandardEngine - Starting Servlet engine: [Apache Tomcat/9.0.41]
2021-05-11_19-48-48 [restartedMain] INFO  o.a.c.c.C.[.[localhost].[/auth] - Initializing Spring embedded WebApplicationContext
2021-05-11_19-48-48 [restartedMain] INFO  o.s.b.w.s.c.ServletWebServerApplicationContext - Root WebApplicationContext: initialization completed in 3480 ms
2021-05-11_19-48-48 [restartedMain] INFO  com.zaxxer.hikari.HikariDataSource - HikariPool-1 - Starting...
2021-05-11_19-48-48 [restartedMain] INFO  com.zaxxer.hikari.HikariDataSource - HikariPool-1 - Start completed.
2021-05-11_19-48-48 [restartedMain] INFO  o.s.b.a.h.H2ConsoleAutoConfiguration - H2 console available at '/db'. Database available at 'jdbc:h2:mem:testdb'
2021-05-11_19-48-48 [restartedMain] INFO  o.h.jpa.internal.util.LogHelper - HHH000204: Processing PersistenceUnitInfo [name: default]
2021-05-11_19-48-48 [restartedMain] INFO  org.hibernate.Version - HHH000412: Hibernate ORM core version 5.4.27.Final
2021-05-11_19-48-48 [restartedMain] INFO  o.h.annotations.common.Version - HCANN000001: Hibernate Commons Annotations {5.1.2.Final}
2021-05-11_19-48-48 [restartedMain] INFO  org.hibernate.dialect.Dialect - HHH000400: Using dialect: org.hibernate.dialect.H2Dialect
2021-05-11_19-48-48 [restartedMain] INFO  o.h.e.t.j.p.i.JtaPlatformInitiator - HHH000490: Using JtaPlatform implementation: [org.hibernate.engine.transaction.jta.platform.internal.NoJtaPlatform]
2021-05-11_19-48-48 [restartedMain] INFO  o.s.o.j.LocalContainerEntityManagerFactoryBean - Initialized JPA EntityManagerFactory for persistence unit 'default'
2021-05-11_19-48-48 [restartedMain] INFO  s.d.s.w.PropertySourcedRequestMappingHandlerMapping - Mapped URL path [/v2/api-docs] onto method [springfox.documentation.swagger2.web.Swagger2Controller#getDocumentation(String, HttpServletRequest)]
2021-05-11_19-48-48 [restartedMain] INFO  o.s.s.web.DefaultSecurityFilterChain - Will secure any request with [org.springframework.security.web.context.request.async.WebAsyncManagerIntegrationFilter@2c097f83, org.springframework.security.web.context.SecurityContextPersistenceFilter@39ca5ed5, org.springframework.security.web.header.HeaderWriterFilter@289b011c, org.springframework.security.web.authentication.logout.LogoutFilter@281d9915, com.cts.authorization.config.JwtRequestFilter@4b424968, org.springframework.security.web.savedrequest.RequestCacheAwareFilter@34e9ac20, org.springframework.security.web.servletapi.SecurityContextHolderAwareRequestFilter@62b9a1b1, org.springframework.security.web.authentication.AnonymousAuthenticationFilter@3da65d50, org.springframework.security.web.session.SessionManagementFilter@29f19da5, org.springframework.security.web.access.ExceptionTranslationFilter@3b5b301e, org.springframework.security.web.access.intercept.FilterSecurityInterceptor@58720b07]
2021-05-11_19-48-48 [restartedMain] INFO  o.s.s.c.ThreadPoolTaskExecutor - Initializing ExecutorService 'applicationTaskExecutor'
2021-05-11_19-48-48 [restartedMain] INFO  o.a.coyote.http11.Http11NioProtocol - Starting ProtocolHandler ["http-nio-8400"]
2021-05-11_19-48-48 [restartedMain] INFO  o.s.b.w.e.tomcat.TomcatWebServer - Tomcat started on port(s): 8400 (http) with context path '/auth'
2021-05-11_19-48-48 [restartedMain] INFO  s.d.s.w.p.DocumentationPluginsBootstrapper - Context refreshed
2021-05-11_19-48-48 [restartedMain] INFO  s.d.s.w.p.DocumentationPluginsBootstrapper - Found 1 custom documentation plugin(s)
2021-05-11_19-48-48 [restartedMain] INFO  s.d.s.w.s.ApiListingReferenceScanner - Scanning for api listing references
2021-05-11_19-48-48 [restartedMain] INFO  c.c.a.AuthorizatiionMicroserviceApplication - Started AuthorizatiionMicroserviceApplication in 16.332 seconds (JVM running for 18.055)
2021-05-11_19-48-48 [http-nio-8400-exec-1] INFO  o.a.c.c.C.[.[localhost].[/auth] - Initializing Spring DispatcherServlet 'dispatcherServlet'
2021-05-11_19-48-48 [http-nio-8400-exec-1] INFO  o.s.web.servlet.DispatcherServlet - Initializing Servlet 'dispatcherServlet'
2021-05-11_19-48-48 [http-nio-8400-exec-1] INFO  o.s.web.servlet.DispatcherServlet - Completed initialization in 3 ms
2021-05-11_19-48-48 [http-nio-8400-exec-1] INFO  c.c.a.service.JwtUserDetailsService - User found
2021-05-11_19-48-48 [http-nio-8400-exec-1] INFO  c.c.a.service.JwtUserDetailsService - user successfully located
2021-05-11_19-48-48 [http-nio-8400-exec-1] INFO  c.c.a.service.JwtUserDetailsService - User found
2021-05-11_19-48-48 [http-nio-8400-exec-1] INFO  c.c.a.service.JwtUserDetailsService - user successfully located
2021-05-11_19-48-48 [http-nio-8400-exec-2] INFO  c.c.a.service.JwtUserDetailsService - User found
2021-05-11_19-48-48 [http-nio-8400-exec-2] INFO  c.c.a.service.JwtUserDetailsService - user successfully located
2021-05-11_19-48-48 [http-nio-8400-exec-3] INFO  c.c.a.service.JwtUserDetailsService - User found
2021-05-11_19-48-48 [http-nio-8400-exec-3] INFO  c.c.a.service.JwtUserDetailsService - user successfully located
2021-05-11_19-48-48 [http-nio-8400-exec-4] INFO  c.c.a.service.JwtUserDetailsService - User found
2021-05-11_19-48-48 [http-nio-8400-exec-4] INFO  c.c.a.service.JwtUserDetailsService - user successfully located
2021-05-11_19-48-48 [http-nio-8400-exec-7] INFO  c.c.a.service.JwtUserDetailsService - User found
2021-05-11_19-48-48 [http-nio-8400-exec-7] INFO  c.c.a.service.JwtUserDetailsService - user successfully located
2021-05-11_19-48-48 [http-nio-8400-exec-8] INFO  c.c.a.service.JwtUserDetailsService - User found
2021-05-11_19-48-48 [http-nio-8400-exec-8] INFO  c.c.a.service.JwtUserDetailsService - user successfully located
2021-05-11_19-48-48 [http-nio-8400-exec-9] INFO  c.c.a.service.JwtUserDetailsService - User found
2021-05-11_19-48-48 [http-nio-8400-exec-9] INFO  c.c.a.service.JwtUserDetailsService - user successfully located
2021-05-11_19-48-48 [http-nio-8400-exec-10] INFO  c.c.a.service.JwtUserDetailsService - User found
2021-05-11_19-48-48 [http-nio-8400-exec-10] INFO  c.c.a.service.JwtUserDetailsService - user successfully located
2021-05-11_19-48-48 [http-nio-8400-exec-1] INFO  c.c.a.service.JwtUserDetailsService - User found
2021-05-11_19-48-48 [http-nio-8400-exec-1] INFO  c.c.a.service.JwtUserDetailsService - user successfully located
2021-05-11_19-48-48 [http-nio-8400-exec-3] INFO  c.c.a.service.JwtUserDetailsService - User found
2021-05-11_19-48-48 [http-nio-8400-exec-3] INFO  c.c.a.service.JwtUserDetailsService - user successfully located
2021-05-11_19-48-48 [http-nio-8400-exec-6] INFO  c.c.a.service.JwtUserDetailsService - User found
2021-05-11_19-48-48 [http-nio-8400-exec-6] INFO  c.c.a.service.JwtUserDetailsService - user successfully located
2021-05-11_19-48-48 [http-nio-8400-exec-6] INFO  c.c.a.service.JwtUserDetailsService - User found
2021-05-11_19-48-48 [http-nio-8400-exec-6] INFO  c.c.a.service.JwtUserDetailsService - user successfully located
2021-05-11_19-48-48 [http-nio-8400-exec-7] INFO  c.c.a.service.JwtUserDetailsService - User found
2021-05-11_19-48-48 [http-nio-8400-exec-7] INFO  c.c.a.service.JwtUserDetailsService - user successfully located
2021-05-11_19-48-48 [http-nio-8400-exec-8] INFO  c.c.a.service.JwtUserDetailsService - User found
2021-05-11_19-48-48 [http-nio-8400-exec-8] INFO  c.c.a.service.JwtUserDetailsService - user successfully located
2021-05-11_19-48-48 [http-nio-8400-exec-9] INFO  c.c.a.service.JwtUserDetailsService - User found
2021-05-11_19-48-48 [http-nio-8400-exec-9] INFO  c.c.a.service.JwtUserDetailsService - user successfully located
2021-05-11_19-48-48 [http-nio-8400-exec-9] INFO  c.c.a.service.JwtUserDetailsService - User found
2021-05-11_19-48-48 [http-nio-8400-exec-9] INFO  c.c.a.service.JwtUserDetailsService - user successfully located
2021-05-11_19-48-48 [http-nio-8400-exec-10] INFO  c.c.a.service.JwtUserDetailsService - User found
2021-05-11_19-48-48 [http-nio-8400-exec-10] INFO  c.c.a.service.JwtUserDetailsService - user successfully located
2021-05-11_19-48-48 [http-nio-8400-exec-2] INFO  c.c.a.service.JwtUserDetailsService - User found
2021-05-11_19-48-48 [http-nio-8400-exec-2] INFO  c.c.a.service.JwtUserDetailsService - user successfully located
2021-05-11_19-48-48 [http-nio-8400-exec-3] INFO  c.c.a.service.JwtUserDetailsService - User found
2021-05-11_19-48-48 [http-nio-8400-exec-3] INFO  c.c.a.service.JwtUserDetailsService - user successfully located
2021-05-11_19-48-48 [http-nio-8400-exec-3] INFO  c.c.a.service.JwtUserDetailsService - User found
2021-05-11_19-48-48 [http-nio-8400-exec-3] INFO  c.c.a.service.JwtUserDetailsService - user successfully located
2021-05-11_19-48-48 [http-nio-8400-exec-4] INFO  c.c.a.service.JwtUserDetailsService - User found
2021-05-11_19-48-48 [http-nio-8400-exec-4] INFO  c.c.a.service.JwtUserDetailsService - user successfully located
2021-05-11_19-48-48 [http-nio-8400-exec-7] INFO  c.c.a.service.JwtUserDetailsService - User found
2021-05-11_19-48-48 [http-nio-8400-exec-7] INFO  c.c.a.service.JwtUserDetailsService - user successfully located
2021-05-11_19-48-48 [http-nio-8400-exec-8] INFO  c.c.a.service.JwtUserDetailsService - User found
2021-05-11_19-48-48 [http-nio-8400-exec-8] INFO  c.c.a.service.JwtUserDetailsService - user successfully located
2021-05-11_19-48-48 [http-nio-8400-exec-10] INFO  c.c.a.service.JwtUserDetailsService - User found
2021-05-11_19-48-48 [http-nio-8400-exec-10] INFO  c.c.a.service.JwtUserDetailsService - user successfully located
2021-05-11_19-48-48 [http-nio-8400-exec-3] INFO  c.c.a.service.JwtUserDetailsService - User found
2021-05-11_19-48-48 [http-nio-8400-exec-3] INFO  c.c.a.service.JwtUserDetailsService - user successfully located
2021-05-11_19-48-48 [http-nio-8400-exec-3] INFO  c.c.a.service.JwtUserDetailsService - User found
2021-05-11_19-48-48 [http-nio-8400-exec-3] INFO  c.c.a.service.JwtUserDetailsService - user successfully located
2021-05-11_19-48-48 [http-nio-8400-exec-4] INFO  c.c.a.service.JwtUserDetailsService - User found
2021-05-11_19-48-48 [http-nio-8400-exec-4] INFO  c.c.a.service.JwtUserDetailsService - user successfully located
2021-05-11_19-48-48 [http-nio-8400-exec-5] INFO  c.c.a.service.JwtUserDetailsService - User found
2021-05-11_19-48-48 [http-nio-8400-exec-5] INFO  c.c.a.service.JwtUserDetailsService - user successfully located
2021-05-11_19-48-48 [http-nio-8400-exec-5] INFO  c.c.a.service.JwtUserDetailsService - User found
2021-05-11_19-48-48 [http-nio-8400-exec-5] INFO  c.c.a.service.JwtUserDetailsService - user successfully located
2021-05-11_19-48-48 [http-nio-8400-exec-8] INFO  c.c.a.service.JwtUserDetailsService - User found
2021-05-11_19-48-48 [http-nio-8400-exec-8] INFO  c.c.a.service.JwtUserDetailsService - user successfully located
2021-05-11_19-48-48 [http-nio-8400-exec-10] INFO  c.c.a.service.JwtUserDetailsService - User found
2021-05-11_19-48-48 [http-nio-8400-exec-10] INFO  c.c.a.service.JwtUserDetailsService - user successfully located
2021-05-11_19-48-48 [http-nio-8400-exec-10] INFO  c.c.a.service.JwtUserDetailsService - User found
2021-05-11_19-48-48 [http-nio-8400-exec-10] INFO  c.c.a.service.JwtUserDetailsService - user successfully located
2021-05-11_19-48-48 [http-nio-8400-exec-1] INFO  c.c.a.service.JwtUserDetailsService - User found
2021-05-11_19-48-48 [http-nio-8400-exec-1] INFO  c.c.a.service.JwtUserDetailsService - user successfully located
2021-05-11_19-48-48 [http-nio-8400-exec-2] INFO  c.c.a.service.JwtUserDetailsService - User found
2021-05-11_19-48-48 [http-nio-8400-exec-2] INFO  c.c.a.service.JwtUserDetailsService - user successfully located
2021-05-11_19-48-48 [http-nio-8400-exec-5] INFO  c.c.a.service.JwtUserDetailsService - User found
2021-05-11_19-48-48 [http-nio-8400-exec-5] INFO  c.c.a.service.JwtUserDetailsService - user successfully located
2021-05-11_19-48-48 [http-nio-8400-exec-6] INFO  c.c.a.service.JwtUserDetailsService - User found
2021-05-11_19-48-48 [http-nio-8400-exec-6] INFO  c.c.a.service.JwtUserDetailsService - user successfully located
2021-05-11_19-48-48 [http-nio-8400-exec-7] INFO  c.c.a.service.JwtUserDetailsService - User found
2021-05-11_19-48-48 [http-nio-8400-exec-7] INFO  c.c.a.service.JwtUserDetailsService - user successfully located
2021-05-11_19-48-48 [http-nio-8400-exec-9] INFO  c.c.a.service.JwtUserDetailsService - User found
2021-05-11_19-48-48 [http-nio-8400-exec-9] INFO  c.c.a.service.JwtUserDetailsService - user successfully located
2021-05-11_19-48-48 [http-nio-8400-exec-10] INFO  c.c.a.service.JwtUserDetailsService - User found
2021-05-11_19-48-48 [http-nio-8400-exec-10] INFO  c.c.a.service.JwtUserDetailsService - user successfully located
2021-05-11_19-48-48 [http-nio-8400-exec-2] INFO  c.c.a.service.JwtUserDetailsService - User found
2021-05-11_19-48-48 [http-nio-8400-exec-2] INFO  c.c.a.service.JwtUserDetailsService - user successfully located
2021-05-11_19-48-48 [http-nio-8400-exec-3] INFO  c.c.a.service.JwtUserDetailsService - User found
2021-05-11_19-48-48 [http-nio-8400-exec-3] INFO  c.c.a.service.JwtUserDetailsService - user successfully located
2021-05-11_19-48-48 [http-nio-8400-exec-5] INFO  c.c.a.service.JwtUserDetailsService - User found
2021-05-11_19-48-48 [http-nio-8400-exec-5] INFO  c.c.a.service.JwtUserDetailsService - user successfully located
2021-05-11_19-48-48 [http-nio-8400-exec-6] INFO  c.c.a.service.JwtUserDetailsService - User found
2021-05-11_19-48-48 [http-nio-8400-exec-6] INFO  c.c.a.service.JwtUserDetailsService - user successfully located
2021-05-11_19-48-48 [http-nio-8400-exec-7] INFO  c.c.a.service.JwtUserDetailsService - User found
2021-05-11_19-48-48 [http-nio-8400-exec-7] INFO  c.c.a.service.JwtUserDetailsService - user successfully located
2021-05-11_19-48-48 [http-nio-8400-exec-8] INFO  c.c.a.service.JwtUserDetailsService - User found
2021-05-11_19-48-48 [http-nio-8400-exec-8] INFO  c.c.a.service.JwtUserDetailsService - user successfully located
2021-05-11_19-48-48 [http-nio-8400-exec-9] INFO  c.c.a.service.JwtUserDetailsService - User found
2021-05-11_19-48-48 [http-nio-8400-exec-9] INFO  c.c.a.service.JwtUserDetailsService - user successfully located
2021-05-11_19-48-48 [http-nio-8400-exec-10] INFO  c.c.a.service.JwtUserDetailsService - User found
2021-05-11_19-48-48 [http-nio-8400-exec-10] INFO  c.c.a.service.JwtUserDetailsService - user successfully located
2021-05-11_19-48-48 [http-nio-8400-exec-2] INFO  c.c.a.service.JwtUserDetailsService - User found
2021-05-11_19-48-48 [http-nio-8400-exec-2] INFO  c.c.a.service.JwtUserDetailsService - user successfully located
2021-05-11_19-48-48 [http-nio-8400-exec-4] INFO  c.c.a.service.JwtUserDetailsService - User found
2021-05-11_19-48-48 [http-nio-8400-exec-4] INFO  c.c.a.service.JwtUserDetailsService - user successfully located
2021-05-11_19-48-48 [http-nio-8400-exec-6] INFO  c.c.a.service.JwtUserDetailsService - User found
2021-05-11_19-48-48 [http-nio-8400-exec-6] INFO  c.c.a.service.JwtUserDetailsService - user successfully located
2021-05-11_19-48-48 [http-nio-8400-exec-8] INFO  c.c.a.service.JwtUserDetailsService - User found
2021-05-11_19-48-48 [http-nio-8400-exec-8] INFO  c.c.a.service.JwtUserDetailsService - user successfully located
2021-05-11_19-48-48 [http-nio-8400-exec-9] INFO  c.c.a.service.JwtUserDetailsService - User found
2021-05-11_19-48-48 [http-nio-8400-exec-9] INFO  c.c.a.service.JwtUserDetailsService - user successfully located
2021-05-11_19-48-48 [http-nio-8400-exec-10] INFO  c.c.a.service.JwtUserDetailsService - User found
2021-05-11_19-48-48 [http-nio-8400-exec-10] INFO  c.c.a.service.JwtUserDetailsService - user successfully located
2021-05-11_19-48-48 [http-nio-8400-exec-1] INFO  c.c.a.service.JwtUserDetailsService - User found
2021-05-11_19-48-48 [http-nio-8400-exec-1] INFO  c.c.a.service.JwtUserDetailsService - user successfully located
2021-05-11_19-48-48 [http-nio-8400-exec-2] INFO  c.c.a.service.JwtUserDetailsService - User found
2021-05-11_19-48-48 [http-nio-8400-exec-2] INFO  c.c.a.service.JwtUserDetailsService - user successfully located
2021-05-11_19-48-48 [http-nio-8400-exec-3] INFO  c.c.a.service.JwtUserDetailsService - User found
2021-05-11_19-48-48 [http-nio-8400-exec-3] INFO  c.c.a.service.JwtUserDetailsService - user successfully located
2021-05-11_19-48-48 [http-nio-8400-exec-4] INFO  c.c.a.service.JwtUserDetailsService - User found
2021-05-11_19-48-48 [http-nio-8400-exec-4] INFO  c.c.a.service.JwtUserDetailsService - user successfully located
2021-05-11_19-48-48 [http-nio-8400-exec-5] INFO  c.c.a.service.JwtUserDetailsService - User found
2021-05-11_19-48-48 [http-nio-8400-exec-5] INFO  c.c.a.service.JwtUserDetailsService - user successfully located
2021-05-11_19-48-48 [http-nio-8400-exec-6] INFO  c.c.a.service.JwtUserDetailsService - User found
2021-05-11_19-48-48 [http-nio-8400-exec-6] INFO  c.c.a.service.JwtUserDetailsService - user successfully located
2021-05-11_19-48-48 [http-nio-8400-exec-7] INFO  c.c.a.service.JwtUserDetailsService - User found
2021-05-11_19-48-48 [http-nio-8400-exec-7] INFO  c.c.a.service.JwtUserDetailsService - user successfully located
2021-05-11_19-48-48 [http-nio-8400-exec-8] INFO  c.c.a.service.JwtUserDetailsService - User found
2021-05-11_19-48-48 [http-nio-8400-exec-8] INFO  c.c.a.service.JwtUserDetailsService - user successfully located
2021-05-11_19-48-48 [http-nio-8400-exec-9] INFO  c.c.a.service.JwtUserDetailsService - User found
2021-05-11_19-48-48 [http-nio-8400-exec-9] INFO  c.c.a.service.JwtUserDetailsService - user successfully located
2021-05-11_19-48-48 [http-nio-8400-exec-10] INFO  c.c.a.service.JwtUserDetailsService - User found
2021-05-11_19-48-48 [http-nio-8400-exec-10] INFO  c.c.a.service.JwtUserDetailsService - user successfully located
2021-05-11_19-48-48 [http-nio-8400-exec-1] INFO  c.c.a.service.JwtUserDetailsService - User found
2021-05-11_19-48-48 [http-nio-8400-exec-1] INFO  c.c.a.service.JwtUserDetailsService - user successfully located
2021-05-11_19-48-48 [http-nio-8400-exec-2] INFO  c.c.a.service.JwtUserDetailsService - User found
2021-05-11_19-48-48 [http-nio-8400-exec-2] INFO  c.c.a.service.JwtUserDetailsService - user successfully located
2021-05-11_19-48-48 [http-nio-8400-exec-3] INFO  c.c.a.service.JwtUserDetailsService - User found
2021-05-11_19-48-48 [http-nio-8400-exec-3] INFO  c.c.a.service.JwtUserDetailsService - user successfully located
2021-05-11_19-48-48 [http-nio-8400-exec-4] INFO  c.c.a.service.JwtUserDetailsService - User found
2021-05-11_19-48-48 [http-nio-8400-exec-4] INFO  c.c.a.service.JwtUserDetailsService - user successfully located
2021-05-11_19-48-48 [http-nio-8400-exec-5] INFO  c.c.a.service.JwtUserDetailsService - User found
2021-05-11_19-48-48 [http-nio-8400-exec-5] INFO  c.c.a.service.JwtUserDetailsService - user successfully located
2021-05-11_19-48-48 [http-nio-8400-exec-6] INFO  c.c.a.service.JwtUserDetailsService - User found
2021-05-11_19-48-48 [http-nio-8400-exec-6] INFO  c.c.a.service.JwtUserDetailsService - user successfully located
2021-05-11_19-48-48 [http-nio-8400-exec-7] INFO  c.c.a.service.JwtUserDetailsService - User found
2021-05-11_19-48-48 [http-nio-8400-exec-7] INFO  c.c.a.service.JwtUserDetailsService - user successfully located
2021-05-11_19-48-48 [http-nio-8400-exec-8] INFO  c.c.a.service.JwtUserDetailsService - User found
2021-05-11_19-48-48 [http-nio-8400-exec-8] INFO  c.c.a.service.JwtUserDetailsService - user successfully located
2021-05-11_19-48-48 [http-nio-8400-exec-1] INFO  c.c.a.service.JwtUserDetailsService - User found
2021-05-11_19-48-48 [http-nio-8400-exec-1] INFO  c.c.a.service.JwtUserDetailsService - user successfully located
2021-05-11_19-48-48 [http-nio-8400-exec-1] INFO  c.c.a.service.JwtUserDetailsService - User found
2021-05-11_19-48-48 [http-nio-8400-exec-1] INFO  c.c.a.service.JwtUserDetailsService - user successfully located
2021-05-11_19-48-48 [http-nio-8400-exec-2] INFO  c.c.a.service.JwtUserDetailsService - User found
2021-05-11_19-48-48 [http-nio-8400-exec-2] INFO  c.c.a.service.JwtUserDetailsService - user successfully located
2021-05-11_19-48-48 [http-nio-8400-exec-3] INFO  c.c.a.service.JwtUserDetailsService - User found
2021-05-11_19-48-48 [http-nio-8400-exec-3] INFO  c.c.a.service.JwtUserDetailsService - user successfully located
2021-05-11_19-48-48 [http-nio-8400-exec-4] INFO  c.c.a.service.JwtUserDetailsService - User found
2021-05-11_19-48-48 [http-nio-8400-exec-4] INFO  c.c.a.service.JwtUserDetailsService - user successfully located
2021-05-11_19-48-48 [http-nio-8400-exec-5] INFO  c.c.a.service.JwtUserDetailsService - User found
2021-05-11_19-48-48 [http-nio-8400-exec-5] INFO  c.c.a.service.JwtUserDetailsService - user successfully located
2021-05-11_19-48-48 [http-nio-8400-exec-6] INFO  c.c.a.service.JwtUserDetailsService - User found
2021-05-11_19-48-48 [http-nio-8400-exec-6] INFO  c.c.a.service.JwtUserDetailsService - user successfully located
2021-05-11_19-48-48 [http-nio-8400-exec-7] INFO  c.c.a.service.JwtUserDetailsService - User found
2021-05-11_19-48-48 [http-nio-8400-exec-7] INFO  c.c.a.service.JwtUserDetailsService - user successfully located
2021-05-11_19-48-48 [http-nio-8400-exec-8] INFO  c.c.a.service.JwtUserDetailsService - User found
2021-05-11_19-48-48 [http-nio-8400-exec-8] INFO  c.c.a.service.JwtUserDetailsService - user successfully located
2021-05-11_19-48-48 [http-nio-8400-exec-9] INFO  c.c.a.service.JwtUserDetailsService - User found
2021-05-11_19-48-48 [http-nio-8400-exec-9] INFO  c.c.a.service.JwtUserDetailsService - user successfully located
2021-05-11_19-48-48 [http-nio-8400-exec-10] INFO  c.c.a.service.JwtUserDetailsService - User found
2021-05-11_19-48-48 [http-nio-8400-exec-10] INFO  c.c.a.service.JwtUserDetailsService - user successfully located
2021-05-11_19-48-48 [http-nio-8400-exec-1] INFO  c.c.a.service.JwtUserDetailsService - User found
2021-05-11_19-48-48 [http-nio-8400-exec-1] INFO  c.c.a.service.JwtUserDetailsService - user successfully located
2021-05-11_19-48-48 [http-nio-8400-exec-2] INFO  c.c.a.service.JwtUserDetailsService - User found
2021-05-11_19-48-48 [http-nio-8400-exec-2] INFO  c.c.a.service.JwtUserDetailsService - user successfully located
2021-05-11_19-48-48 [http-nio-8400-exec-3] INFO  c.c.a.service.JwtUserDetailsService - User found
2021-05-11_19-48-48 [http-nio-8400-exec-3] INFO  c.c.a.service.JwtUserDetailsService - user successfully located
2021-05-11_19-48-48 [http-nio-8400-exec-4] INFO  c.c.a.service.JwtUserDetailsService - User found
2021-05-11_19-48-48 [http-nio-8400-exec-4] INFO  c.c.a.service.JwtUserDetailsService - user successfully located
2021-05-11_19-48-48 [http-nio-8400-exec-5] INFO  c.c.a.service.JwtUserDetailsService - User found
2021-05-11_19-48-48 [http-nio-8400-exec-5] INFO  c.c.a.service.JwtUserDetailsService - user successfully located
2021-05-11_19-48-48 [http-nio-8400-exec-8] INFO  c.c.a.service.JwtUserDetailsService - User found
2021-05-11_19-48-48 [http-nio-8400-exec-8] INFO  c.c.a.service.JwtUserDetailsService - user successfully located
2021-05-11_19-48-48 [http-nio-8400-exec-9] INFO  c.c.a.service.JwtUserDetailsService - User found
2021-05-11_19-48-48 [http-nio-8400-exec-9] INFO  c.c.a.service.JwtUserDetailsService - user successfully located
2021-05-11_19-48-48 [http-nio-8400-exec-10] INFO  c.c.a.service.JwtUserDetailsService - User found
2021-05-11_19-48-48 [http-nio-8400-exec-10] INFO  c.c.a.service.JwtUserDetailsService - user successfully located
2021-05-11_19-48-48 [http-nio-8400-exec-1] INFO  c.c.a.service.JwtUserDetailsService - User found
2021-05-11_19-48-48 [http-nio-8400-exec-1] INFO  c.c.a.service.JwtUserDetailsService - user successfully located
2021-05-11_19-48-48 [http-nio-8400-exec-2] INFO  c.c.a.service.JwtUserDetailsService - User found
2021-05-11_19-48-48 [http-nio-8400-exec-2] INFO  c.c.a.service.JwtUserDetailsService - user successfully located
2021-05-11_19-48-48 [http-nio-8400-exec-3] INFO  c.c.a.service.JwtUserDetailsService - User found
2021-05-11_19-48-48 [http-nio-8400-exec-3] INFO  c.c.a.service.JwtUserDetailsService - user successfully located
2021-05-11_19-48-48 [http-nio-8400-exec-4] INFO  c.c.a.service.JwtUserDetailsService - User found
2021-05-11_19-48-48 [http-nio-8400-exec-4] INFO  c.c.a.service.JwtUserDetailsService - user successfully located
2021-05-11_19-48-48 [Thread-3] INFO  o.s.s.c.ThreadPoolTaskExecutor - Shutting down ExecutorService 'applicationTaskExecutor'
2021-05-11_19-48-48 [Thread-3] INFO  o.s.o.j.LocalContainerEntityManagerFactoryBean - Closing JPA EntityManagerFactory for persistence unit 'default'
2021-05-11_19-48-48 [Thread-3] INFO  o.h.t.s.i.SchemaDropperImpl$DelayedDropActionImpl - HHH000477: Starting delayed evictData of schema as part of SessionFactory shut-down'
2021-05-11_19-48-48 [Thread-3] INFO  com.zaxxer.hikari.HikariDataSource - HikariPool-1 - Shutdown initiated...
2021-05-11_22-18-34 [restartedMain] INFO  c.c.a.AuthorizatiionMicroserviceApplication - Starting AuthorizatiionMicroserviceApplication using Java 1.8.0_271 on DESKTOP-DTJ4D8S with PID 17636 (C:\Users\srich\Desktop\Enhancement Project\MyProject\CDE-Project-International-Patients-treatment-management\Authorizatiion-Microservice\target\classes started by srich in C:\Users\srich\Desktop\Enhancement Project\MyProject\CDE-Project-International-Patients-treatment-management\Authorizatiion-Microservice)
2021-05-11_22-18-34 [restartedMain] INFO  c.c.a.AuthorizatiionMicroserviceApplication - No active profile set, falling back to default profiles: default
2021-05-11_22-18-34 [restartedMain] INFO  o.s.d.r.c.RepositoryConfigurationDelegate - Bootstrapping Spring Data JPA repositories in DEFAULT mode.
2021-05-11_22-18-34 [restartedMain] INFO  o.s.d.r.c.RepositoryConfigurationDelegate - Finished Spring Data repository scanning in 59 ms. Found 1 JPA repository interfaces.
2021-05-11_22-18-34 [restartedMain] INFO  o.s.cloud.context.scope.GenericScope - BeanFactory id=edea1387-1a2d-33de-8525-4ed44fa6e3e5
2021-05-11_22-18-34 [restartedMain] INFO  o.s.b.w.e.tomcat.TomcatWebServer - Tomcat initialized with port(s): 8400 (http)
2021-05-11_22-18-34 [restartedMain] INFO  o.a.coyote.http11.Http11NioProtocol - Initializing ProtocolHandler ["http-nio-8400"]
2021-05-11_22-18-34 [restartedMain] INFO  o.a.catalina.core.StandardService - Starting service [Tomcat]
2021-05-11_22-18-34 [restartedMain] INFO  o.a.catalina.core.StandardEngine - Starting Servlet engine: [Apache Tomcat/9.0.41]
2021-05-11_22-18-34 [restartedMain] INFO  o.a.c.c.C.[.[localhost].[/auth] - Initializing Spring embedded WebApplicationContext
2021-05-11_22-18-34 [restartedMain] INFO  o.s.b.w.s.c.ServletWebServerApplicationContext - Root WebApplicationContext: initialization completed in 6014 ms
2021-05-11_22-18-34 [restartedMain] INFO  com.zaxxer.hikari.HikariDataSource - HikariPool-2 - Starting...
2021-05-11_22-18-34 [restartedMain] INFO  com.zaxxer.hikari.HikariDataSource - HikariPool-2 - Start completed.
2021-05-11_22-18-34 [restartedMain] INFO  o.s.b.a.h.H2ConsoleAutoConfiguration - H2 console available at '/db'. Database available at 'jdbc:h2:mem:testdb'
2021-05-11_22-18-34 [restartedMain] INFO  o.h.jpa.internal.util.LogHelper - HHH000204: Processing PersistenceUnitInfo [name: default]
2021-05-11_22-18-34 [restartedMain] INFO  org.hibernate.dialect.Dialect - HHH000400: Using dialect: org.hibernate.dialect.H2Dialect
2021-05-11_22-18-34 [restartedMain] INFO  o.h.e.t.j.p.i.JtaPlatformInitiator - HHH000490: Using JtaPlatform implementation: [org.hibernate.engine.transaction.jta.platform.internal.NoJtaPlatform]
2021-05-11_22-18-34 [restartedMain] INFO  o.s.o.j.LocalContainerEntityManagerFactoryBean - Initialized JPA EntityManagerFactory for persistence unit 'default'
2021-05-11_22-18-34 [restartedMain] INFO  s.d.s.w.PropertySourcedRequestMappingHandlerMapping - Mapped URL path [/v2/api-docs] onto method [springfox.documentation.swagger2.web.Swagger2Controller#getDocumentation(String, HttpServletRequest)]
2021-05-11_22-18-34 [restartedMain] INFO  o.s.s.web.DefaultSecurityFilterChain - Will secure any request with [org.springframework.security.web.context.request.async.WebAsyncManagerIntegrationFilter@7348c94f, org.springframework.security.web.context.SecurityContextPersistenceFilter@2b94c9dd, org.springframework.security.web.header.HeaderWriterFilter@4271cd66, org.springframework.security.web.authentication.logout.LogoutFilter@17d765d5, com.cts.authorization.config.JwtRequestFilter@4d4807af, org.springframework.security.web.savedrequest.RequestCacheAwareFilter@5d98101a, org.springframework.security.web.servletapi.SecurityContextHolderAwareRequestFilter@11ceec32, org.springframework.security.web.authentication.AnonymousAuthenticationFilter@786756ad, org.springframework.security.web.session.SessionManagementFilter@137316d4, org.springframework.security.web.access.ExceptionTranslationFilter@230aae03, org.springframework.security.web.access.intercept.FilterSecurityInterceptor@72d6f422]
2021-05-11_22-18-34 [restartedMain] INFO  o.s.s.c.ThreadPoolTaskExecutor - Initializing ExecutorService 'applicationTaskExecutor'
2021-05-11_22-18-34 [restartedMain] INFO  o.a.coyote.http11.Http11NioProtocol - Starting ProtocolHandler ["http-nio-8400"]
2021-05-11_22-18-34 [restartedMain] INFO  o.s.b.w.e.tomcat.TomcatWebServer - Tomcat started on port(s): 8400 (http) with context path '/auth'
2021-05-11_22-18-34 [restartedMain] INFO  s.d.s.w.p.DocumentationPluginsBootstrapper - Context refreshed
2021-05-11_22-18-34 [restartedMain] INFO  s.d.s.w.p.DocumentationPluginsBootstrapper - Found 1 custom documentation plugin(s)
2021-05-11_22-18-34 [restartedMain] INFO  s.d.s.w.s.ApiListingReferenceScanner - Scanning for api listing references
2021-05-11_22-18-34 [restartedMain] INFO  c.c.a.AuthorizatiionMicroserviceApplication - Started AuthorizatiionMicroserviceApplication in 18.472 seconds (JVM running for 9004.419)
2021-05-11_22-18-34 [restartedMain] INFO  o.s.b.d.a.ConditionEvaluationDeltaLoggingListener - Condition evaluation unchanged
2021-05-11_22-18-34 [Thread-11] INFO  o.s.s.c.ThreadPoolTaskExecutor - Shutting down ExecutorService 'applicationTaskExecutor'
2021-05-11_22-18-34 [Thread-11] INFO  o.s.o.j.LocalContainerEntityManagerFactoryBean - Closing JPA EntityManagerFactory for persistence unit 'default'
2021-05-11_22-18-34 [Thread-11] INFO  o.h.t.s.i.SchemaDropperImpl$DelayedDropActionImpl - HHH000477: Starting delayed evictData of schema as part of SessionFactory shut-down'
2021-05-11_22-18-34 [Thread-11] INFO  com.zaxxer.hikari.HikariDataSource - HikariPool-2 - Shutdown initiated...
2021-05-11_22-18-34 [Thread-11] INFO  com.zaxxer.hikari.HikariDataSource - HikariPool-2 - Shutdown completed.
2021-05-11_22-18-53 [restartedMain] INFO  c.c.a.AuthorizatiionMicroserviceApplication - Starting AuthorizatiionMicroserviceApplication using Java 1.8.0_271 on DESKTOP-DTJ4D8S with PID 17636 (C:\Users\srich\Desktop\Enhancement Project\MyProject\CDE-Project-International-Patients-treatment-management\Authorizatiion-Microservice\target\classes started by srich in C:\Users\srich\Desktop\Enhancement Project\MyProject\CDE-Project-International-Patients-treatment-management\Authorizatiion-Microservice)
2021-05-11_22-18-53 [restartedMain] INFO  c.c.a.AuthorizatiionMicroserviceApplication - No active profile set, falling back to default profiles: default
2021-05-11_22-18-53 [restartedMain] INFO  o.s.d.r.c.RepositoryConfigurationDelegate - Bootstrapping Spring Data JPA repositories in DEFAULT mode.
2021-05-11_22-18-53 [restartedMain] INFO  o.s.d.r.c.RepositoryConfigurationDelegate - Finished Spring Data repository scanning in 52 ms. Found 1 JPA repository interfaces.
2021-05-11_22-18-53 [restartedMain] INFO  o.s.cloud.context.scope.GenericScope - BeanFactory id=edea1387-1a2d-33de-8525-4ed44fa6e3e5
2021-05-11_22-18-53 [restartedMain] INFO  o.s.b.w.e.tomcat.TomcatWebServer - Tomcat initialized with port(s): 8400 (http)
2021-05-11_22-18-53 [restartedMain] INFO  o.a.coyote.http11.Http11NioProtocol - Initializing ProtocolHandler ["http-nio-8400"]
2021-05-11_22-18-53 [restartedMain] INFO  o.a.catalina.core.StandardService - Starting service [Tomcat]
2021-05-11_22-18-53 [restartedMain] INFO  o.a.catalina.core.StandardEngine - Starting Servlet engine: [Apache Tomcat/9.0.41]
2021-05-11_22-18-53 [restartedMain] INFO  o.a.c.c.C.[.[localhost].[/auth] - Initializing Spring embedded WebApplicationContext
2021-05-11_22-18-53 [restartedMain] INFO  o.s.b.w.s.c.ServletWebServerApplicationContext - Root WebApplicationContext: initialization completed in 1928 ms
2021-05-11_22-18-53 [restartedMain] INFO  com.zaxxer.hikari.HikariDataSource - HikariPool-3 - Starting...
2021-05-11_22-18-53 [restartedMain] INFO  com.zaxxer.hikari.HikariDataSource - HikariPool-3 - Start completed.
2021-05-11_22-18-53 [restartedMain] INFO  o.s.b.a.h.H2ConsoleAutoConfiguration - H2 console available at '/db'. Database available at 'jdbc:h2:mem:testdb'
2021-05-11_22-18-53 [restartedMain] INFO  o.h.jpa.internal.util.LogHelper - HHH000204: Processing PersistenceUnitInfo [name: default]
2021-05-11_22-18-53 [restartedMain] INFO  org.hibernate.dialect.Dialect - HHH000400: Using dialect: org.hibernate.dialect.H2Dialect
2021-05-11_22-18-53 [restartedMain] INFO  o.h.e.t.j.p.i.JtaPlatformInitiator - HHH000490: Using JtaPlatform implementation: [org.hibernate.engine.transaction.jta.platform.internal.NoJtaPlatform]
2021-05-11_22-18-53 [restartedMain] INFO  o.s.o.j.LocalContainerEntityManagerFactoryBean - Initialized JPA EntityManagerFactory for persistence unit 'default'
2021-05-11_22-18-53 [restartedMain] INFO  s.d.s.w.PropertySourcedRequestMappingHandlerMapping - Mapped URL path [/v2/api-docs] onto method [springfox.documentation.swagger2.web.Swagger2Controller#getDocumentation(String, HttpServletRequest)]
2021-05-11_22-18-53 [restartedMain] INFO  o.s.s.web.DefaultSecurityFilterChain - Will secure any request with [org.springframework.security.web.context.request.async.WebAsyncManagerIntegrationFilter@12557e5f, org.springframework.security.web.context.SecurityContextPersistenceFilter@2d9bad2c, org.springframework.security.web.header.HeaderWriterFilter@53ce8b4, org.springframework.security.web.authentication.logout.LogoutFilter@227c3b7d, com.cts.authorization.config.JwtRequestFilter@d089155, org.springframework.security.web.savedrequest.RequestCacheAwareFilter@75b9a743, org.springframework.security.web.servletapi.SecurityContextHolderAwareRequestFilter@17229808, org.springframework.security.web.authentication.AnonymousAuthenticationFilter@530dd47c, org.springframework.security.web.session.SessionManagementFilter@45f00d22, org.springframework.security.web.access.ExceptionTranslationFilter@61973da9, org.springframework.security.web.access.intercept.FilterSecurityInterceptor@2ca430b7]
2021-05-11_22-18-53 [restartedMain] INFO  o.s.s.c.ThreadPoolTaskExecutor - Initializing ExecutorService 'applicationTaskExecutor'
2021-05-11_22-18-53 [restartedMain] INFO  o.a.coyote.http11.Http11NioProtocol - Starting ProtocolHandler ["http-nio-8400"]
2021-05-11_22-18-53 [restartedMain] INFO  o.s.b.w.e.tomcat.TomcatWebServer - Tomcat started on port(s): 8400 (http) with context path '/auth'
2021-05-11_22-18-53 [restartedMain] INFO  s.d.s.w.p.DocumentationPluginsBootstrapper - Context refreshed
2021-05-11_22-18-53 [restartedMain] INFO  s.d.s.w.p.DocumentationPluginsBootstrapper - Found 1 custom documentation plugin(s)
2021-05-11_22-18-53 [restartedMain] INFO  s.d.s.w.s.ApiListingReferenceScanner - Scanning for api listing references
2021-05-11_22-18-53 [restartedMain] INFO  c.c.a.AuthorizatiionMicroserviceApplication - Started AuthorizatiionMicroserviceApplication in 7.1 seconds (JVM running for 9013.034)
2021-05-11_22-18-53 [restartedMain] INFO  o.s.b.d.a.ConditionEvaluationDeltaLoggingListener - Condition evaluation unchanged
2021-05-11_22-18-53 [http-nio-8400-exec-1] INFO  o.a.c.c.C.[.[localhost].[/auth] - Initializing Spring DispatcherServlet 'dispatcherServlet'
2021-05-11_22-18-53 [http-nio-8400-exec-1] INFO  o.s.web.servlet.DispatcherServlet - Initializing Servlet 'dispatcherServlet'
2021-05-11_22-18-53 [http-nio-8400-exec-1] INFO  o.s.web.servlet.DispatcherServlet - Completed initialization in 2 ms
2021-05-11_22-18-53 [http-nio-8400-exec-1] INFO  c.c.a.service.JwtUserDetailsService - User found
2021-05-11_22-18-53 [http-nio-8400-exec-1] INFO  c.c.a.service.JwtUserDetailsService - user successfully located
2021-05-11_22-18-53 [http-nio-8400-exec-1] INFO  c.c.a.service.JwtUserDetailsService - User found
2021-05-11_22-18-53 [http-nio-8400-exec-1] INFO  c.c.a.service.JwtUserDetailsService - user successfully located
2021-05-11_22-18-53 [http-nio-8400-exec-2] INFO  c.c.a.service.JwtUserDetailsService - User found
2021-05-11_22-18-53 [http-nio-8400-exec-2] INFO  c.c.a.service.JwtUserDetailsService - user successfully located
2021-05-11_22-18-53 [http-nio-8400-exec-3] INFO  c.c.a.service.JwtUserDetailsService - User found
2021-05-11_22-18-53 [http-nio-8400-exec-3] INFO  c.c.a.service.JwtUserDetailsService - user successfully located
2021-05-11_22-18-53 [http-nio-8400-exec-6] INFO  c.c.a.service.JwtUserDetailsService - User found
2021-05-11_22-18-53 [http-nio-8400-exec-6] INFO  c.c.a.service.JwtUserDetailsService - user successfully located
2021-05-11_22-18-53 [http-nio-8400-exec-8] INFO  c.c.a.service.JwtUserDetailsService - User found
2021-05-11_22-18-53 [http-nio-8400-exec-8] INFO  c.c.a.service.JwtUserDetailsService - user successfully located
2021-05-11_22-18-53 [http-nio-8400-exec-10] INFO  c.c.a.service.JwtUserDetailsService - User found
2021-05-11_22-18-53 [http-nio-8400-exec-10] INFO  c.c.a.service.JwtUserDetailsService - user successfully located
2021-05-11_22-18-53 [http-nio-8400-exec-1] INFO  c.c.a.service.JwtUserDetailsService - User found
2021-05-11_22-18-53 [http-nio-8400-exec-1] INFO  c.c.a.service.JwtUserDetailsService - user successfully located
2021-05-11_22-18-53 [http-nio-8400-exec-3] INFO  c.c.a.service.JwtUserDetailsService - User found
2021-05-11_22-18-53 [http-nio-8400-exec-3] INFO  c.c.a.service.JwtUserDetailsService - user successfully located
2021-05-11_22-18-53 [http-nio-8400-exec-4] INFO  c.c.a.service.JwtUserDetailsService - User found
2021-05-11_22-18-53 [http-nio-8400-exec-4] INFO  c.c.a.service.JwtUserDetailsService - user successfully located
2021-05-11_22-18-53 [http-nio-8400-exec-5] INFO  c.c.a.service.JwtUserDetailsService - User found
2021-05-11_22-18-53 [http-nio-8400-exec-5] INFO  c.c.a.service.JwtUserDetailsService - user successfully located
2021-05-11_22-18-53 [http-nio-8400-exec-7] INFO  c.c.a.service.JwtUserDetailsService - User found
2021-05-11_22-18-53 [http-nio-8400-exec-7] INFO  c.c.a.service.JwtUserDetailsService - user successfully located
2021-05-11_22-18-53 [http-nio-8400-exec-8] INFO  c.c.a.service.JwtUserDetailsService - User found
2021-05-11_22-18-53 [http-nio-8400-exec-8] INFO  c.c.a.service.JwtUserDetailsService - user successfully located
2021-05-11_22-18-53 [http-nio-8400-exec-10] INFO  c.c.a.service.JwtUserDetailsService - User found
2021-05-11_22-18-53 [http-nio-8400-exec-10] INFO  c.c.a.service.JwtUserDetailsService - user successfully located
2021-05-11_22-18-53 [http-nio-8400-exec-1] INFO  c.c.a.service.JwtUserDetailsService - User found
2021-05-11_22-18-53 [http-nio-8400-exec-1] INFO  c.c.a.service.JwtUserDetailsService - user successfully located
2021-05-11_22-18-53 [http-nio-8400-exec-2] INFO  c.c.a.service.JwtUserDetailsService - User found
2021-05-11_22-18-53 [http-nio-8400-exec-2] INFO  c.c.a.service.JwtUserDetailsService - user successfully located
2021-05-11_22-18-53 [http-nio-8400-exec-3] INFO  c.c.a.service.JwtUserDetailsService - User found
2021-05-11_22-18-53 [http-nio-8400-exec-3] INFO  c.c.a.service.JwtUserDetailsService - user successfully located
2021-05-11_22-18-53 [http-nio-8400-exec-5] INFO  c.c.a.service.JwtUserDetailsService - User found
2021-05-11_22-18-53 [http-nio-8400-exec-5] INFO  c.c.a.service.JwtUserDetailsService - user successfully located
2021-05-11_22-18-53 [http-nio-8400-exec-7] INFO  c.c.a.service.JwtUserDetailsService - User found
2021-05-11_22-18-53 [http-nio-8400-exec-7] INFO  c.c.a.service.JwtUserDetailsService - user successfully located
2021-05-11_22-18-53 [http-nio-8400-exec-8] INFO  c.c.a.service.JwtUserDetailsService - User found
2021-05-11_22-18-53 [http-nio-8400-exec-8] INFO  c.c.a.service.JwtUserDetailsService - user successfully located
2021-05-11_22-18-53 [http-nio-8400-exec-9] INFO  c.c.a.service.JwtUserDetailsService - User found
2021-05-11_22-18-53 [http-nio-8400-exec-9] INFO  c.c.a.service.JwtUserDetailsService - user successfully located
2021-05-11_22-18-53 [http-nio-8400-exec-10] INFO  c.c.a.service.JwtUserDetailsService - User found
2021-05-11_22-18-53 [http-nio-8400-exec-10] INFO  c.c.a.service.JwtUserDetailsService - user successfully located
2021-05-11_22-18-53 [http-nio-8400-exec-2] INFO  c.c.a.service.JwtUserDetailsService - User found
2021-05-11_22-18-53 [http-nio-8400-exec-2] INFO  c.c.a.service.JwtUserDetailsService - user successfully located
2021-05-11_22-18-53 [http-nio-8400-exec-3] INFO  c.c.a.service.JwtUserDetailsService - User found
2021-05-11_22-18-53 [http-nio-8400-exec-3] INFO  c.c.a.service.JwtUserDetailsService - user successfully located
2021-05-11_22-18-53 [http-nio-8400-exec-6] INFO  c.c.a.service.JwtUserDetailsService - User found
2021-05-11_22-18-53 [http-nio-8400-exec-6] INFO  c.c.a.service.JwtUserDetailsService - user successfully located
2021-05-11_22-18-53 [http-nio-8400-exec-6] INFO  c.c.a.service.JwtUserDetailsService - User found
2021-05-11_22-18-53 [http-nio-8400-exec-6] INFO  c.c.a.service.JwtUserDetailsService - user successfully located
2021-05-11_22-18-53 [http-nio-8400-exec-7] INFO  c.c.a.service.JwtUserDetailsService - User found
2021-05-11_22-18-53 [http-nio-8400-exec-7] INFO  c.c.a.service.JwtUserDetailsService - user successfully located
2021-05-11_22-18-53 [http-nio-8400-exec-8] INFO  c.c.a.service.JwtUserDetailsService - User found
2021-05-11_22-18-53 [http-nio-8400-exec-8] INFO  c.c.a.service.JwtUserDetailsService - user successfully located
2021-05-11_22-18-53 [http-nio-8400-exec-9] INFO  c.c.a.service.JwtUserDetailsService - User found
2021-05-11_22-18-53 [http-nio-8400-exec-9] INFO  c.c.a.service.JwtUserDetailsService - user successfully located
2021-05-11_22-18-53 [http-nio-8400-exec-2] INFO  c.c.a.service.JwtUserDetailsService - User found
2021-05-11_22-18-53 [http-nio-8400-exec-2] INFO  c.c.a.service.JwtUserDetailsService - user successfully located
2021-05-11_22-18-53 [http-nio-8400-exec-3] INFO  c.c.a.service.JwtUserDetailsService - User found
2021-05-11_22-18-53 [http-nio-8400-exec-3] INFO  c.c.a.service.JwtUserDetailsService - user successfully located
2021-05-11_22-18-53 [http-nio-8400-exec-5] INFO  c.c.a.service.JwtUserDetailsService - User found
2021-05-11_22-18-53 [http-nio-8400-exec-5] INFO  c.c.a.service.JwtUserDetailsService - user successfully located
2021-05-11_22-18-53 [http-nio-8400-exec-6] INFO  c.c.a.service.JwtUserDetailsService - User found
2021-05-11_22-18-53 [http-nio-8400-exec-6] INFO  c.c.a.service.JwtUserDetailsService - user successfully located
2021-05-11_22-18-53 [http-nio-8400-exec-7] INFO  c.c.a.service.JwtUserDetailsService - User found
2021-05-11_22-18-53 [http-nio-8400-exec-7] INFO  c.c.a.service.JwtUserDetailsService - user successfully located
2021-05-11_22-18-53 [http-nio-8400-exec-8] INFO  c.c.a.service.JwtUserDetailsService - User found
2021-05-11_22-18-53 [http-nio-8400-exec-8] INFO  c.c.a.service.JwtUserDetailsService - user successfully located
2021-05-11_22-18-53 [http-nio-8400-exec-9] INFO  c.c.a.service.JwtUserDetailsService - User found
2021-05-11_22-18-53 [http-nio-8400-exec-9] INFO  c.c.a.service.JwtUserDetailsService - user successfully located
2021-05-11_22-18-53 [http-nio-8400-exec-10] INFO  c.c.a.service.JwtUserDetailsService - User found
2021-05-11_22-18-53 [http-nio-8400-exec-10] INFO  c.c.a.service.JwtUserDetailsService - user successfully located
2021-05-11_22-18-53 [http-nio-8400-exec-1] INFO  c.c.a.service.JwtUserDetailsService - User found
2021-05-11_22-18-53 [http-nio-8400-exec-1] INFO  c.c.a.service.JwtUserDetailsService - user successfully located
2021-05-11_22-18-53 [http-nio-8400-exec-3] INFO  c.c.a.service.JwtUserDetailsService - User found
2021-05-11_22-18-53 [http-nio-8400-exec-3] INFO  c.c.a.service.JwtUserDetailsService - user successfully located
2021-05-11_22-18-53 [http-nio-8400-exec-4] INFO  c.c.a.service.JwtUserDetailsService - User found
2021-05-11_22-18-53 [http-nio-8400-exec-4] INFO  c.c.a.service.JwtUserDetailsService - user successfully located
2021-05-11_22-18-53 [http-nio-8400-exec-5] INFO  c.c.a.service.JwtUserDetailsService - User found
2021-05-11_22-18-53 [http-nio-8400-exec-5] INFO  c.c.a.service.JwtUserDetailsService - user successfully located
2021-05-11_22-18-53 [http-nio-8400-exec-6] INFO  c.c.a.service.JwtUserDetailsService - User found
2021-05-11_22-18-53 [http-nio-8400-exec-6] INFO  c.c.a.service.JwtUserDetailsService - user successfully located
