2021-05-10_11-21-28 [restartedMain] INFO  c.c.a.AuthorizatiionMicroserviceApplication - Starting AuthorizatiionMicroserviceApplication using Java 1.8.0_271 on DESKTOP-DTJ4D8S with PID 16944 (C:\Users\srich\Desktop\Enhancement Project\MyProject\CDE-Project-International-Patients-treatment-management\Authorizatiion-Microservice\target\classes started by srich in C:\Users\srich\Desktop\Enhancement Project\MyProject\CDE-Project-International-Patients-treatment-management\Authorizatiion-Microservice)
2021-05-10_11-21-28 [restartedMain] INFO  c.c.a.AuthorizatiionMicroserviceApplication - No active profile set, falling back to default profiles: default
2021-05-10_11-21-28 [restartedMain] INFO  o.s.b.d.e.DevToolsPropertyDefaultsPostProcessor - Devtools property defaults active! Set 'spring.devtools.add-properties' to 'false' to disable
2021-05-10_11-21-28 [restartedMain] INFO  o.s.b.d.e.DevToolsPropertyDefaultsPostProcessor - For additional web related logging consider setting the 'logging.level.web' property to 'DEBUG'
2021-05-10_11-21-28 [restartedMain] INFO  o.s.d.r.c.RepositoryConfigurationDelegate - Bootstrapping Spring Data JPA repositories in DEFAULT mode.
2021-05-10_11-21-28 [restartedMain] INFO  o.s.d.r.c.RepositoryConfigurationDelegate - Finished Spring Data repository scanning in 101 ms. Found 1 JPA repository interfaces.
2021-05-10_11-21-28 [restartedMain] INFO  o.s.cloud.context.scope.GenericScope - BeanFactory id=edea1387-1a2d-33de-8525-4ed44fa6e3e5
2021-05-10_11-21-28 [restartedMain] INFO  o.s.b.w.e.tomcat.TomcatWebServer - Tomcat initialized with port(s): 8400 (http)
2021-05-10_11-21-28 [restartedMain] INFO  o.a.coyote.http11.Http11NioProtocol - Initializing ProtocolHandler ["http-nio-8400"]
2021-05-10_11-21-28 [restartedMain] INFO  o.a.catalina.core.StandardService - Starting service [Tomcat]
2021-05-10_11-21-28 [restartedMain] INFO  o.a.catalina.core.StandardEngine - Starting Servlet engine: [Apache Tomcat/9.0.41]
2021-05-10_11-21-28 [restartedMain] INFO  o.a.c.c.C.[.[localhost].[/auth] - Initializing Spring embedded WebApplicationContext
2021-05-10_11-21-28 [restartedMain] INFO  o.s.b.w.s.c.ServletWebServerApplicationContext - Root WebApplicationContext: initialization completed in 3525 ms
2021-05-10_11-21-28 [restartedMain] INFO  com.zaxxer.hikari.HikariDataSource - HikariPool-1 - Starting...
2021-05-10_11-21-28 [restartedMain] INFO  com.zaxxer.hikari.HikariDataSource - HikariPool-1 - Start completed.
2021-05-10_11-21-28 [restartedMain] INFO  o.s.b.a.h.H2ConsoleAutoConfiguration - H2 console available at '/db'. Database available at 'jdbc:h2:mem:testdb'
2021-05-10_11-21-28 [restartedMain] INFO  o.h.jpa.internal.util.LogHelper - HHH000204: Processing PersistenceUnitInfo [name: default]
2021-05-10_11-21-28 [restartedMain] INFO  org.hibernate.Version - HHH000412: Hibernate ORM core version 5.4.27.Final
2021-05-10_11-21-28 [restartedMain] INFO  o.h.annotations.common.Version - HCANN000001: Hibernate Commons Annotations {5.1.2.Final}
2021-05-10_11-21-28 [restartedMain] INFO  org.hibernate.dialect.Dialect - HHH000400: Using dialect: org.hibernate.dialect.H2Dialect
2021-05-10_11-21-28 [restartedMain] INFO  o.h.e.t.j.p.i.JtaPlatformInitiator - HHH000490: Using JtaPlatform implementation: [org.hibernate.engine.transaction.jta.platform.internal.NoJtaPlatform]
2021-05-10_11-21-28 [restartedMain] INFO  o.s.o.j.LocalContainerEntityManagerFactoryBean - Initialized JPA EntityManagerFactory for persistence unit 'default'
2021-05-10_11-21-28 [restartedMain] INFO  s.d.s.w.PropertySourcedRequestMappingHandlerMapping - Mapped URL path [/v2/api-docs] onto method [springfox.documentation.swagger2.web.Swagger2Controller#getDocumentation(String, HttpServletRequest)]
2021-05-10_11-21-28 [restartedMain] INFO  o.s.s.web.DefaultSecurityFilterChain - Will secure any request with [org.springframework.security.web.context.request.async.WebAsyncManagerIntegrationFilter@69cfd5fb, org.springframework.security.web.context.SecurityContextPersistenceFilter@3112f352, org.springframework.security.web.header.HeaderWriterFilter@333ab7c1, org.springframework.security.web.authentication.logout.LogoutFilter@f1bac45, com.cts.authorization.config.JwtRequestFilter@3dab01d8, org.springframework.security.web.savedrequest.RequestCacheAwareFilter@14187ad7, org.springframework.security.web.servletapi.SecurityContextHolderAwareRequestFilter@2610a7d, org.springframework.security.web.authentication.AnonymousAuthenticationFilter@117738f0, org.springframework.security.web.session.SessionManagementFilter@7f3c26a3, org.springframework.security.web.access.ExceptionTranslationFilter@3b09d0a2, org.springframework.security.web.access.intercept.FilterSecurityInterceptor@73b7c8de]
2021-05-10_11-21-28 [restartedMain] INFO  o.s.s.c.ThreadPoolTaskExecutor - Initializing ExecutorService 'applicationTaskExecutor'
2021-05-10_11-21-28 [restartedMain] INFO  o.a.coyote.http11.Http11NioProtocol - Starting ProtocolHandler ["http-nio-8400"]
2021-05-10_11-21-28 [restartedMain] INFO  o.s.b.w.e.tomcat.TomcatWebServer - Tomcat started on port(s): 8400 (http) with context path '/auth'
2021-05-10_11-21-28 [restartedMain] INFO  s.d.s.w.p.DocumentationPluginsBootstrapper - Context refreshed
2021-05-10_11-21-28 [restartedMain] INFO  s.d.s.w.p.DocumentationPluginsBootstrapper - Found 1 custom documentation plugin(s)
2021-05-10_11-21-28 [restartedMain] INFO  s.d.s.w.s.ApiListingReferenceScanner - Scanning for api listing references
2021-05-10_11-21-28 [restartedMain] INFO  c.c.a.AuthorizatiionMicroserviceApplication - Started AuthorizatiionMicroserviceApplication in 11.649 seconds (JVM running for 13.777)
2021-05-10_11-21-28 [http-nio-8400-exec-1] INFO  o.a.c.c.C.[.[localhost].[/auth] - Initializing Spring DispatcherServlet 'dispatcherServlet'
2021-05-10_11-21-28 [http-nio-8400-exec-1] INFO  o.s.web.servlet.DispatcherServlet - Initializing Servlet 'dispatcherServlet'
2021-05-10_11-21-28 [http-nio-8400-exec-1] INFO  o.s.web.servlet.DispatcherServlet - Completed initialization in 3 ms
2021-05-10_11-21-28 [http-nio-8400-exec-1] INFO  c.c.a.service.JwtUserDetailsService - User found
2021-05-10_11-21-28 [http-nio-8400-exec-1] INFO  c.c.a.service.JwtUserDetailsService - user successfully located
2021-05-10_11-21-28 [http-nio-8400-exec-1] INFO  c.c.a.service.JwtUserDetailsService - User found
2021-05-10_11-21-28 [http-nio-8400-exec-1] INFO  c.c.a.service.JwtUserDetailsService - user successfully located
2021-05-10_11-21-28 [http-nio-8400-exec-2] INFO  c.c.a.service.JwtUserDetailsService - User found
2021-05-10_11-21-28 [http-nio-8400-exec-2] INFO  c.c.a.service.JwtUserDetailsService - user successfully located
2021-05-10_11-21-28 [http-nio-8400-exec-3] INFO  c.c.a.service.JwtUserDetailsService - User found
2021-05-10_11-21-28 [http-nio-8400-exec-3] INFO  c.c.a.service.JwtUserDetailsService - user successfully located
2021-05-10_11-21-28 [http-nio-8400-exec-4] INFO  c.c.a.service.JwtUserDetailsService - User found
2021-05-10_11-21-28 [http-nio-8400-exec-4] INFO  c.c.a.service.JwtUserDetailsService - user successfully located
2021-05-10_11-21-28 [http-nio-8400-exec-6] INFO  c.c.a.service.JwtUserDetailsService - User found
2021-05-10_11-21-28 [http-nio-8400-exec-6] INFO  c.c.a.service.JwtUserDetailsService - user successfully located
2021-05-10_11-21-28 [http-nio-8400-exec-7] INFO  c.c.a.service.JwtUserDetailsService - User found
2021-05-10_11-21-28 [http-nio-8400-exec-7] INFO  c.c.a.service.JwtUserDetailsService - user successfully located
2021-05-10_11-21-28 [http-nio-8400-exec-8] INFO  c.c.a.service.JwtUserDetailsService - User found
2021-05-10_11-21-28 [http-nio-8400-exec-8] INFO  c.c.a.service.JwtUserDetailsService - user successfully located
2021-05-10_11-21-28 [http-nio-8400-exec-9] INFO  c.c.a.service.JwtUserDetailsService - User found
2021-05-10_11-21-28 [http-nio-8400-exec-9] INFO  c.c.a.service.JwtUserDetailsService - user successfully located
2021-05-10_11-21-28 [http-nio-8400-exec-10] INFO  c.c.a.service.JwtUserDetailsService - User found
2021-05-10_11-21-28 [http-nio-8400-exec-10] INFO  c.c.a.service.JwtUserDetailsService - user successfully located
2021-05-10_11-21-28 [http-nio-8400-exec-2] INFO  c.c.a.service.JwtUserDetailsService - User found
2021-05-10_11-21-28 [http-nio-8400-exec-2] INFO  c.c.a.service.JwtUserDetailsService - user successfully located
2021-05-10_11-21-28 [http-nio-8400-exec-3] INFO  c.c.a.service.JwtUserDetailsService - User found
2021-05-10_11-21-28 [http-nio-8400-exec-3] INFO  c.c.a.service.JwtUserDetailsService - user successfully located
2021-05-10_11-21-28 [http-nio-8400-exec-5] INFO  c.c.a.service.JwtUserDetailsService - User found
2021-05-10_11-21-28 [http-nio-8400-exec-5] INFO  c.c.a.service.JwtUserDetailsService - user successfully located
2021-05-10_11-21-28 [http-nio-8400-exec-6] INFO  c.c.a.service.JwtUserDetailsService - User found
2021-05-10_11-21-28 [http-nio-8400-exec-6] INFO  c.c.a.service.JwtUserDetailsService - user successfully located
2021-05-10_11-21-28 [http-nio-8400-exec-6] INFO  c.c.a.service.JwtUserDetailsService - User found
2021-05-10_11-21-28 [http-nio-8400-exec-6] INFO  c.c.a.service.JwtUserDetailsService - user successfully located
2021-05-10_11-21-28 [http-nio-8400-exec-8] INFO  c.c.a.service.JwtUserDetailsService - User found
2021-05-10_11-21-28 [http-nio-8400-exec-8] INFO  c.c.a.service.JwtUserDetailsService - user successfully located
2021-05-10_11-21-28 [http-nio-8400-exec-8] INFO  c.c.a.service.JwtUserDetailsService - User found
2021-05-10_11-21-28 [http-nio-8400-exec-8] INFO  c.c.a.service.JwtUserDetailsService - user successfully located
2021-05-10_11-21-28 [http-nio-8400-exec-9] INFO  c.c.a.service.JwtUserDetailsService - User found
2021-05-10_11-21-28 [http-nio-8400-exec-9] INFO  c.c.a.service.JwtUserDetailsService - user successfully located
2021-05-10_11-21-28 [http-nio-8400-exec-10] INFO  c.c.a.service.JwtUserDetailsService - User found
2021-05-10_11-21-28 [http-nio-8400-exec-10] INFO  c.c.a.service.JwtUserDetailsService - user successfully located
2021-05-10_11-21-28 [http-nio-8400-exec-1] INFO  c.c.a.service.JwtUserDetailsService - User found
2021-05-10_11-21-28 [http-nio-8400-exec-1] INFO  c.c.a.service.JwtUserDetailsService - user successfully located
2021-05-10_11-21-28 [http-nio-8400-exec-4] INFO  c.c.a.service.JwtUserDetailsService - User found
2021-05-10_11-21-28 [http-nio-8400-exec-4] INFO  c.c.a.service.JwtUserDetailsService - user successfully located
2021-05-10_11-21-28 [http-nio-8400-exec-4] INFO  c.c.a.service.JwtUserDetailsService - User found
2021-05-10_11-21-28 [http-nio-8400-exec-4] INFO  c.c.a.service.JwtUserDetailsService - user successfully located
2021-05-10_11-21-28 [http-nio-8400-exec-6] INFO  c.c.a.service.JwtUserDetailsService - User found
2021-05-10_11-21-28 [http-nio-8400-exec-6] INFO  c.c.a.service.JwtUserDetailsService - user successfully located
2021-05-10_11-21-28 [http-nio-8400-exec-6] INFO  c.c.a.service.JwtUserDetailsService - User found
2021-05-10_11-21-28 [http-nio-8400-exec-6] INFO  c.c.a.service.JwtUserDetailsService - user successfully located
2021-05-10_11-21-28 [http-nio-8400-exec-7] INFO  c.c.a.service.JwtUserDetailsService - User found
2021-05-10_11-21-28 [http-nio-8400-exec-7] INFO  c.c.a.service.JwtUserDetailsService - user successfully located
2021-05-10_11-21-28 [RMI TCP Connection(267)-127.0.0.1] INFO  o.s.b.a.SpringApplicationAdminMXBeanRegistrar$SpringApplicationAdmin - Application shutdown requested.
2021-05-10_11-21-28 [RMI TCP Connection(267)-127.0.0.1] INFO  o.s.s.c.ThreadPoolTaskExecutor - Shutting down ExecutorService 'applicationTaskExecutor'
2021-05-10_11-21-28 [RMI TCP Connection(267)-127.0.0.1] INFO  o.s.o.j.LocalContainerEntityManagerFactoryBean - Closing JPA EntityManagerFactory for persistence unit 'default'
2021-05-10_11-21-28 [RMI TCP Connection(267)-127.0.0.1] INFO  o.h.t.s.i.SchemaDropperImpl$DelayedDropActionImpl - HHH000477: Starting delayed evictData of schema as part of SessionFactory shut-down'
2021-05-10_11-21-28 [RMI TCP Connection(267)-127.0.0.1] INFO  com.zaxxer.hikari.HikariDataSource - HikariPool-1 - Shutdown initiated...
2021-05-10_11-21-28 [RMI TCP Connection(267)-127.0.0.1] INFO  com.zaxxer.hikari.HikariDataSource - HikariPool-1 - Shutdown completed.
2021-05-10_16-20-23 [restartedMain] INFO  c.c.a.AuthorizatiionMicroserviceApplication - Starting AuthorizatiionMicroserviceApplication using Java 1.8.0_271 on DESKTOP-DTJ4D8S with PID 13460 (C:\Users\srich\Desktop\Enhancement Project\MyProject\CDE-Project-International-Patients-treatment-management\Authorizatiion-Microservice\target\classes started by srich in C:\Users\srich\Desktop\Enhancement Project\MyProject\CDE-Project-International-Patients-treatment-management\Authorizatiion-Microservice)
2021-05-10_16-20-23 [restartedMain] INFO  c.c.a.AuthorizatiionMicroserviceApplication - No active profile set, falling back to default profiles: default
2021-05-10_16-20-23 [restartedMain] INFO  o.s.b.d.e.DevToolsPropertyDefaultsPostProcessor - Devtools property defaults active! Set 'spring.devtools.add-properties' to 'false' to disable
2021-05-10_16-20-23 [restartedMain] INFO  o.s.b.d.e.DevToolsPropertyDefaultsPostProcessor - For additional web related logging consider setting the 'logging.level.web' property to 'DEBUG'
2021-05-10_16-20-23 [restartedMain] INFO  o.s.d.r.c.RepositoryConfigurationDelegate - Bootstrapping Spring Data JPA repositories in DEFAULT mode.
2021-05-10_16-20-23 [restartedMain] INFO  o.s.d.r.c.RepositoryConfigurationDelegate - Finished Spring Data repository scanning in 79 ms. Found 1 JPA repository interfaces.
2021-05-10_16-20-23 [restartedMain] INFO  o.s.cloud.context.scope.GenericScope - BeanFactory id=edea1387-1a2d-33de-8525-4ed44fa6e3e5
2021-05-10_16-20-23 [restartedMain] INFO  o.s.b.w.e.tomcat.TomcatWebServer - Tomcat initialized with port(s): 8400 (http)
2021-05-10_16-20-23 [restartedMain] INFO  o.a.coyote.http11.Http11NioProtocol - Initializing ProtocolHandler ["http-nio-8400"]
2021-05-10_16-20-23 [restartedMain] INFO  o.a.catalina.core.StandardService - Starting service [Tomcat]
2021-05-10_16-20-23 [restartedMain] INFO  o.a.catalina.core.StandardEngine - Starting Servlet engine: [Apache Tomcat/9.0.41]
2021-05-10_16-20-23 [restartedMain] INFO  o.a.c.c.C.[.[localhost].[/auth] - Initializing Spring embedded WebApplicationContext
2021-05-10_16-20-23 [restartedMain] INFO  o.s.b.w.s.c.ServletWebServerApplicationContext - Root WebApplicationContext: initialization completed in 3310 ms
2021-05-10_16-20-23 [restartedMain] INFO  com.zaxxer.hikari.HikariDataSource - HikariPool-1 - Starting...
2021-05-10_16-20-23 [restartedMain] INFO  com.zaxxer.hikari.HikariDataSource - HikariPool-1 - Start completed.
2021-05-10_16-20-23 [restartedMain] INFO  o.s.b.a.h.H2ConsoleAutoConfiguration - H2 console available at '/db'. Database available at 'jdbc:h2:mem:testdb'
2021-05-10_16-20-23 [restartedMain] INFO  o.h.jpa.internal.util.LogHelper - HHH000204: Processing PersistenceUnitInfo [name: default]
2021-05-10_16-20-23 [restartedMain] INFO  org.hibernate.Version - HHH000412: Hibernate ORM core version 5.4.27.Final
2021-05-10_16-20-23 [restartedMain] INFO  o.h.annotations.common.Version - HCANN000001: Hibernate Commons Annotations {5.1.2.Final}
2021-05-10_16-20-23 [restartedMain] INFO  org.hibernate.dialect.Dialect - HHH000400: Using dialect: org.hibernate.dialect.H2Dialect
2021-05-10_16-20-23 [restartedMain] INFO  o.h.e.t.j.p.i.JtaPlatformInitiator - HHH000490: Using JtaPlatform implementation: [org.hibernate.engine.transaction.jta.platform.internal.NoJtaPlatform]
2021-05-10_16-20-23 [restartedMain] INFO  o.s.o.j.LocalContainerEntityManagerFactoryBean - Initialized JPA EntityManagerFactory for persistence unit 'default'
2021-05-10_16-20-23 [restartedMain] INFO  s.d.s.w.PropertySourcedRequestMappingHandlerMapping - Mapped URL path [/v2/api-docs] onto method [springfox.documentation.swagger2.web.Swagger2Controller#getDocumentation(String, HttpServletRequest)]
2021-05-10_16-20-23 [restartedMain] INFO  o.s.s.web.DefaultSecurityFilterChain - Will secure any request with [org.springframework.security.web.context.request.async.WebAsyncManagerIntegrationFilter@76590ad3, org.springframework.security.web.context.SecurityContextPersistenceFilter@836e5eb, org.springframework.security.web.header.HeaderWriterFilter@2826b3b, org.springframework.security.web.authentication.logout.LogoutFilter@3f5117b, com.cts.authorization.config.JwtRequestFilter@1ce9cf6b, org.springframework.security.web.savedrequest.RequestCacheAwareFilter@6c014daf, org.springframework.security.web.servletapi.SecurityContextHolderAwareRequestFilter@465b9655, org.springframework.security.web.authentication.AnonymousAuthenticationFilter@7c88f2fe, org.springframework.security.web.session.SessionManagementFilter@3de3038d, org.springframework.security.web.access.ExceptionTranslationFilter@662ebf6d, org.springframework.security.web.access.intercept.FilterSecurityInterceptor@4dd94d62]
2021-05-10_16-20-23 [restartedMain] INFO  o.s.s.c.ThreadPoolTaskExecutor - Initializing ExecutorService 'applicationTaskExecutor'
2021-05-10_16-20-23 [restartedMain] INFO  o.a.coyote.http11.Http11NioProtocol - Starting ProtocolHandler ["http-nio-8400"]
2021-05-10_16-20-23 [restartedMain] INFO  o.s.b.w.e.tomcat.TomcatWebServer - Tomcat started on port(s): 8400 (http) with context path '/auth'
2021-05-10_16-20-23 [restartedMain] INFO  s.d.s.w.p.DocumentationPluginsBootstrapper - Context refreshed
2021-05-10_16-20-23 [restartedMain] INFO  s.d.s.w.p.DocumentationPluginsBootstrapper - Found 1 custom documentation plugin(s)
2021-05-10_16-20-23 [restartedMain] INFO  s.d.s.w.s.ApiListingReferenceScanner - Scanning for api listing references
2021-05-10_16-20-23 [restartedMain] INFO  c.c.a.AuthorizatiionMicroserviceApplication - Started AuthorizatiionMicroserviceApplication in 10.702 seconds (JVM running for 12.372)
2021-05-10_16-20-23 [http-nio-8400-exec-2] INFO  o.a.c.c.C.[.[localhost].[/auth] - Initializing Spring DispatcherServlet 'dispatcherServlet'
2021-05-10_16-20-23 [http-nio-8400-exec-2] INFO  o.s.web.servlet.DispatcherServlet - Initializing Servlet 'dispatcherServlet'
2021-05-10_16-20-23 [http-nio-8400-exec-2] INFO  o.s.web.servlet.DispatcherServlet - Completed initialization in 2 ms
2021-05-10_16-20-23 [Thread-3] INFO  o.s.s.c.ThreadPoolTaskExecutor - Shutting down ExecutorService 'applicationTaskExecutor'
2021-05-10_16-20-23 [Thread-3] INFO  o.s.o.j.LocalContainerEntityManagerFactoryBean - Closing JPA EntityManagerFactory for persistence unit 'default'
2021-05-10_16-20-23 [Thread-3] INFO  o.h.t.s.i.SchemaDropperImpl$DelayedDropActionImpl - HHH000477: Starting delayed evictData of schema as part of SessionFactory shut-down'
2021-05-10_16-20-23 [Thread-3] INFO  com.zaxxer.hikari.HikariDataSource - HikariPool-1 - Shutdown initiated...
2021-05-10_16-20-23 [Thread-3] INFO  com.zaxxer.hikari.HikariDataSource - HikariPool-1 - Shutdown completed.
2021-05-10_16-40-34 [restartedMain] INFO  c.c.a.AuthorizatiionMicroserviceApplication - Starting AuthorizatiionMicroserviceApplication using Java 1.8.0_271 on DESKTOP-DTJ4D8S with PID 13460 (C:\Users\srich\Desktop\Enhancement Project\MyProject\CDE-Project-International-Patients-treatment-management\Authorizatiion-Microservice\target\classes started by srich in C:\Users\srich\Desktop\Enhancement Project\MyProject\CDE-Project-International-Patients-treatment-management\Authorizatiion-Microservice)
2021-05-10_16-40-34 [restartedMain] INFO  c.c.a.AuthorizatiionMicroserviceApplication - No active profile set, falling back to default profiles: default
2021-05-10_16-40-34 [restartedMain] INFO  o.s.d.r.c.RepositoryConfigurationDelegate - Bootstrapping Spring Data JPA repositories in DEFAULT mode.
2021-05-10_16-40-34 [restartedMain] INFO  o.s.d.r.c.RepositoryConfigurationDelegate - Finished Spring Data repository scanning in 25 ms. Found 1 JPA repository interfaces.
2021-05-10_16-40-34 [restartedMain] INFO  o.s.cloud.context.scope.GenericScope - BeanFactory id=edea1387-1a2d-33de-8525-4ed44fa6e3e5
2021-05-10_16-40-34 [restartedMain] INFO  o.s.b.w.e.tomcat.TomcatWebServer - Tomcat initialized with port(s): 8400 (http)
2021-05-10_16-40-34 [restartedMain] INFO  o.a.coyote.http11.Http11NioProtocol - Initializing ProtocolHandler ["http-nio-8400"]
2021-05-10_16-40-34 [restartedMain] INFO  o.a.catalina.core.StandardService - Starting service [Tomcat]
2021-05-10_16-40-34 [restartedMain] INFO  o.a.catalina.core.StandardEngine - Starting Servlet engine: [Apache Tomcat/9.0.41]
2021-05-10_16-40-34 [restartedMain] INFO  o.a.c.c.C.[.[localhost].[/auth] - Initializing Spring embedded WebApplicationContext
2021-05-10_16-40-34 [restartedMain] INFO  o.s.b.w.s.c.ServletWebServerApplicationContext - Root WebApplicationContext: initialization completed in 1117 ms
2021-05-10_16-40-34 [restartedMain] INFO  com.zaxxer.hikari.HikariDataSource - HikariPool-2 - Starting...
2021-05-10_16-40-34 [restartedMain] INFO  com.zaxxer.hikari.HikariDataSource - HikariPool-2 - Start completed.
2021-05-10_16-40-34 [restartedMain] INFO  o.s.b.a.h.H2ConsoleAutoConfiguration - H2 console available at '/db'. Database available at 'jdbc:h2:mem:testdb'
2021-05-10_16-40-34 [restartedMain] INFO  o.h.jpa.internal.util.LogHelper - HHH000204: Processing PersistenceUnitInfo [name: default]
2021-05-10_16-40-34 [restartedMain] INFO  org.hibernate.dialect.Dialect - HHH000400: Using dialect: org.hibernate.dialect.H2Dialect
2021-05-10_16-40-34 [restartedMain] INFO  o.h.e.t.j.p.i.JtaPlatformInitiator - HHH000490: Using JtaPlatform implementation: [org.hibernate.engine.transaction.jta.platform.internal.NoJtaPlatform]
2021-05-10_16-40-34 [restartedMain] INFO  o.s.o.j.LocalContainerEntityManagerFactoryBean - Initialized JPA EntityManagerFactory for persistence unit 'default'
2021-05-10_16-40-34 [restartedMain] INFO  s.d.s.w.PropertySourcedRequestMappingHandlerMapping - Mapped URL path [/v2/api-docs] onto method [springfox.documentation.swagger2.web.Swagger2Controller#getDocumentation(String, HttpServletRequest)]
2021-05-10_16-40-34 [restartedMain] INFO  o.s.s.web.DefaultSecurityFilterChain - Will secure any request with [org.springframework.security.web.context.request.async.WebAsyncManagerIntegrationFilter@25188bd, org.springframework.security.web.context.SecurityContextPersistenceFilter@41710d2a, org.springframework.security.web.header.HeaderWriterFilter@73deb341, org.springframework.security.web.authentication.logout.LogoutFilter@6b12abbb, com.cts.authorization.config.JwtRequestFilter@7d1be100, org.springframework.security.web.savedrequest.RequestCacheAwareFilter@5ce6118e, org.springframework.security.web.servletapi.SecurityContextHolderAwareRequestFilter@5aa4e5e8, org.springframework.security.web.authentication.AnonymousAuthenticationFilter@2dc9ddbb, org.springframework.security.web.session.SessionManagementFilter@6c0293a3, org.springframework.security.web.access.ExceptionTranslationFilter@4c7a3e14, org.springframework.security.web.access.intercept.FilterSecurityInterceptor@7477e3ac]
2021-05-10_16-40-34 [restartedMain] INFO  o.s.s.c.ThreadPoolTaskExecutor - Initializing ExecutorService 'applicationTaskExecutor'
2021-05-10_16-40-34 [restartedMain] INFO  o.a.coyote.http11.Http11NioProtocol - Starting ProtocolHandler ["http-nio-8400"]
2021-05-10_16-40-34 [restartedMain] INFO  o.s.b.w.e.tomcat.TomcatWebServer - Tomcat started on port(s): 8400 (http) with context path '/auth'
2021-05-10_16-40-34 [restartedMain] INFO  s.d.s.w.p.DocumentationPluginsBootstrapper - Context refreshed
2021-05-10_16-40-34 [restartedMain] INFO  s.d.s.w.p.DocumentationPluginsBootstrapper - Found 1 custom documentation plugin(s)
2021-05-10_16-40-34 [restartedMain] INFO  s.d.s.w.s.ApiListingReferenceScanner - Scanning for api listing references
2021-05-10_16-40-34 [restartedMain] INFO  c.c.a.AuthorizatiionMicroserviceApplication - Started AuthorizatiionMicroserviceApplication in 3.191 seconds (JVM running for 1215.411)
2021-05-10_16-40-34 [restartedMain] INFO  o.s.b.d.a.ConditionEvaluationDeltaLoggingListener - Condition evaluation unchanged
2021-05-10_16-40-34 [http-nio-8400-exec-3] INFO  o.a.c.c.C.[.[localhost].[/auth] - Initializing Spring DispatcherServlet 'dispatcherServlet'
2021-05-10_16-40-34 [http-nio-8400-exec-3] INFO  o.s.web.servlet.DispatcherServlet - Initializing Servlet 'dispatcherServlet'
2021-05-10_16-40-34 [http-nio-8400-exec-3] INFO  o.s.web.servlet.DispatcherServlet - Completed initialization in 5 ms
2021-05-10_16-40-34 [http-nio-8400-exec-3] INFO  c.c.a.service.JwtUserDetailsService - User found
2021-05-10_16-40-34 [http-nio-8400-exec-3] INFO  c.c.a.service.JwtUserDetailsService - user successfully located
2021-05-10_16-40-34 [http-nio-8400-exec-3] INFO  c.c.a.service.JwtUserDetailsService - User found
2021-05-10_16-40-34 [http-nio-8400-exec-3] INFO  c.c.a.service.JwtUserDetailsService - user successfully located
2021-05-10_16-40-34 [http-nio-8400-exec-5] INFO  c.c.a.service.JwtUserDetailsService - User found
2021-05-10_16-40-34 [http-nio-8400-exec-5] INFO  c.c.a.service.JwtUserDetailsService - user successfully located
2021-05-10_16-40-34 [http-nio-8400-exec-8] INFO  c.c.a.service.JwtUserDetailsService - User found
2021-05-10_16-40-34 [http-nio-8400-exec-8] INFO  c.c.a.service.JwtUserDetailsService - user successfully located
2021-05-10_16-40-34 [http-nio-8400-exec-6] INFO  c.c.a.service.JwtUserDetailsService - User found
2021-05-10_16-40-34 [http-nio-8400-exec-6] INFO  c.c.a.service.JwtUserDetailsService - user successfully located
2021-05-10_16-40-34 [http-nio-8400-exec-9] INFO  c.c.a.service.JwtUserDetailsService - User found
2021-05-10_16-40-34 [http-nio-8400-exec-9] INFO  c.c.a.service.JwtUserDetailsService - user successfully located
2021-05-10_16-40-34 [http-nio-8400-exec-2] INFO  c.c.a.service.JwtUserDetailsService - User found
2021-05-10_16-40-34 [http-nio-8400-exec-2] INFO  c.c.a.service.JwtUserDetailsService - user successfully located
2021-05-10_16-40-34 [http-nio-8400-exec-4] INFO  c.c.a.service.JwtUserDetailsService - User found
2021-05-10_16-40-34 [http-nio-8400-exec-4] INFO  c.c.a.service.JwtUserDetailsService - user successfully located
2021-05-10_16-40-34 [http-nio-8400-exec-6] INFO  c.c.a.service.JwtUserDetailsService - User found
2021-05-10_16-40-34 [http-nio-8400-exec-6] INFO  c.c.a.service.JwtUserDetailsService - user successfully located
2021-05-10_16-40-34 [http-nio-8400-exec-6] INFO  c.c.a.service.JwtUserDetailsService - User found
2021-05-10_16-40-34 [http-nio-8400-exec-6] INFO  c.c.a.service.JwtUserDetailsService - user successfully located
2021-05-10_16-40-34 [http-nio-8400-exec-10] INFO  c.c.a.service.JwtUserDetailsService - User found
2021-05-10_16-40-34 [http-nio-8400-exec-10] INFO  c.c.a.service.JwtUserDetailsService - user successfully located
2021-05-10_16-40-34 [http-nio-8400-exec-4] INFO  c.c.a.service.JwtUserDetailsService - User found
2021-05-10_16-40-34 [http-nio-8400-exec-4] INFO  c.c.a.service.JwtUserDetailsService - user successfully located
2021-05-10_16-40-34 [http-nio-8400-exec-4] INFO  c.c.a.service.JwtUserDetailsService - User found
2021-05-10_16-40-34 [http-nio-8400-exec-4] INFO  c.c.a.service.JwtUserDetailsService - user successfully located
2021-05-10_16-40-34 [http-nio-8400-exec-5] INFO  c.c.a.service.JwtUserDetailsService - User found
2021-05-10_16-40-34 [http-nio-8400-exec-5] INFO  c.c.a.service.JwtUserDetailsService - user successfully located
2021-05-10_16-40-34 [http-nio-8400-exec-7] INFO  c.c.a.service.JwtUserDetailsService - User found
2021-05-10_16-40-34 [http-nio-8400-exec-7] INFO  c.c.a.service.JwtUserDetailsService - user successfully located
2021-05-10_16-40-34 [http-nio-8400-exec-6] INFO  c.c.a.service.JwtUserDetailsService - User found
2021-05-10_16-40-34 [http-nio-8400-exec-6] INFO  c.c.a.service.JwtUserDetailsService - user successfully located
2021-05-10_16-40-34 [http-nio-8400-exec-9] INFO  c.c.a.service.JwtUserDetailsService - User found
2021-05-10_16-40-34 [http-nio-8400-exec-9] INFO  c.c.a.service.JwtUserDetailsService - user successfully located
2021-05-10_16-40-34 [http-nio-8400-exec-9] INFO  c.c.a.service.JwtUserDetailsService - User found
2021-05-10_16-40-34 [http-nio-8400-exec-9] INFO  c.c.a.service.JwtUserDetailsService - user successfully located
2021-05-10_16-40-34 [http-nio-8400-exec-2] INFO  c.c.a.service.JwtUserDetailsService - User found
2021-05-10_16-40-34 [http-nio-8400-exec-2] INFO  c.c.a.service.JwtUserDetailsService - user successfully located
2021-05-10_16-40-34 [http-nio-8400-exec-3] INFO  c.c.a.service.JwtUserDetailsService - User found
2021-05-10_16-40-34 [http-nio-8400-exec-3] INFO  c.c.a.service.JwtUserDetailsService - user successfully located
2021-05-10_16-40-34 [http-nio-8400-exec-5] INFO  c.c.a.service.JwtUserDetailsService - User found
2021-05-10_16-40-34 [http-nio-8400-exec-5] INFO  c.c.a.service.JwtUserDetailsService - user successfully located
2021-05-10_16-40-34 [http-nio-8400-exec-8] INFO  c.c.a.service.JwtUserDetailsService - User found
2021-05-10_16-40-34 [http-nio-8400-exec-8] INFO  c.c.a.service.JwtUserDetailsService - user successfully located
2021-05-10_16-40-34 [http-nio-8400-exec-10] INFO  c.c.a.service.JwtUserDetailsService - User found
2021-05-10_16-40-34 [http-nio-8400-exec-10] INFO  c.c.a.service.JwtUserDetailsService - user successfully located
2021-05-10_16-40-34 [http-nio-8400-exec-3] INFO  c.c.a.service.JwtUserDetailsService - User found
2021-05-10_16-40-34 [http-nio-8400-exec-3] INFO  c.c.a.service.JwtUserDetailsService - user successfully located
2021-05-10_16-40-34 [http-nio-8400-exec-3] INFO  c.c.a.service.JwtUserDetailsService - User found
2021-05-10_16-40-34 [http-nio-8400-exec-3] INFO  c.c.a.service.JwtUserDetailsService - user successfully located
2021-05-10_16-40-34 [http-nio-8400-exec-4] INFO  c.c.a.service.JwtUserDetailsService - User found
2021-05-10_16-40-34 [http-nio-8400-exec-4] INFO  c.c.a.service.JwtUserDetailsService - user successfully located
2021-05-10_16-40-34 [http-nio-8400-exec-8] INFO  c.c.a.service.JwtUserDetailsService - User found
2021-05-10_16-40-34 [http-nio-8400-exec-8] INFO  c.c.a.service.JwtUserDetailsService - user successfully located
2021-05-10_16-40-34 [http-nio-8400-exec-6] INFO  c.c.a.service.JwtUserDetailsService - User found
2021-05-10_16-40-34 [http-nio-8400-exec-6] INFO  c.c.a.service.JwtUserDetailsService - user successfully located
2021-05-10_16-40-34 [http-nio-8400-exec-9] INFO  c.c.a.service.JwtUserDetailsService - User found
2021-05-10_16-40-34 [http-nio-8400-exec-9] INFO  c.c.a.service.JwtUserDetailsService - user successfully located
2021-05-10_16-40-34 [Thread-11] INFO  o.s.s.c.ThreadPoolTaskExecutor - Shutting down ExecutorService 'applicationTaskExecutor'
2021-05-10_16-40-34 [Thread-11] INFO  o.s.o.j.LocalContainerEntityManagerFactoryBean - Closing JPA EntityManagerFactory for persistence unit 'default'
2021-05-10_16-40-34 [Thread-11] INFO  o.h.t.s.i.SchemaDropperImpl$DelayedDropActionImpl - HHH000477: Starting delayed evictData of schema as part of SessionFactory shut-down'
2021-05-10_16-40-34 [Thread-11] INFO  com.zaxxer.hikari.HikariDataSource - HikariPool-2 - Shutdown initiated...
2021-05-10_16-40-34 [Thread-11] INFO  com.zaxxer.hikari.HikariDataSource - HikariPool-2 - Shutdown completed.
2021-05-10_20-36-45 [restartedMain] INFO  c.c.a.AuthorizatiionMicroserviceApplication - Starting AuthorizatiionMicroserviceApplication using Java 1.8.0_271 on DESKTOP-DTJ4D8S with PID 13460 (C:\Users\srich\Desktop\Enhancement Project\MyProject\CDE-Project-International-Patients-treatment-management\Authorizatiion-Microservice\target\classes started by srich in C:\Users\srich\Desktop\Enhancement Project\MyProject\CDE-Project-International-Patients-treatment-management\Authorizatiion-Microservice)
2021-05-10_20-36-45 [restartedMain] INFO  c.c.a.AuthorizatiionMicroserviceApplication - No active profile set, falling back to default profiles: default
2021-05-10_20-36-45 [restartedMain] INFO  o.s.d.r.c.RepositoryConfigurationDelegate - Bootstrapping Spring Data JPA repositories in DEFAULT mode.
2021-05-10_20-36-45 [restartedMain] INFO  o.s.d.r.c.RepositoryConfigurationDelegate - Finished Spring Data repository scanning in 21 ms. Found 1 JPA repository interfaces.
2021-05-10_20-36-45 [restartedMain] INFO  o.s.cloud.context.scope.GenericScope - BeanFactory id=edea1387-1a2d-33de-8525-4ed44fa6e3e5
2021-05-10_20-36-45 [restartedMain] INFO  o.s.b.w.e.tomcat.TomcatWebServer - Tomcat initialized with port(s): 8400 (http)
2021-05-10_20-36-45 [restartedMain] INFO  o.a.coyote.http11.Http11NioProtocol - Initializing ProtocolHandler ["http-nio-8400"]
2021-05-10_20-36-45 [restartedMain] INFO  o.a.catalina.core.StandardService - Starting service [Tomcat]
2021-05-10_20-36-45 [restartedMain] INFO  o.a.catalina.core.StandardEngine - Starting Servlet engine: [Apache Tomcat/9.0.41]
2021-05-10_20-36-45 [restartedMain] INFO  o.a.c.c.C.[.[localhost].[/auth] - Initializing Spring embedded WebApplicationContext
2021-05-10_20-36-45 [restartedMain] INFO  o.s.b.w.s.c.ServletWebServerApplicationContext - Root WebApplicationContext: initialization completed in 1297 ms
2021-05-10_20-36-45 [restartedMain] INFO  com.zaxxer.hikari.HikariDataSource - HikariPool-3 - Starting...
2021-05-10_20-36-45 [restartedMain] INFO  com.zaxxer.hikari.HikariDataSource - HikariPool-3 - Start completed.
2021-05-10_20-36-45 [restartedMain] INFO  o.s.b.a.h.H2ConsoleAutoConfiguration - H2 console available at '/db'. Database available at 'jdbc:h2:mem:testdb'
2021-05-10_20-36-45 [restartedMain] INFO  o.h.jpa.internal.util.LogHelper - HHH000204: Processing PersistenceUnitInfo [name: default]
2021-05-10_20-36-45 [restartedMain] INFO  org.hibernate.dialect.Dialect - HHH000400: Using dialect: org.hibernate.dialect.H2Dialect
2021-05-10_20-36-45 [restartedMain] INFO  o.h.e.t.j.p.i.JtaPlatformInitiator - HHH000490: Using JtaPlatform implementation: [org.hibernate.engine.transaction.jta.platform.internal.NoJtaPlatform]
2021-05-10_20-36-45 [restartedMain] INFO  o.s.o.j.LocalContainerEntityManagerFactoryBean - Initialized JPA EntityManagerFactory for persistence unit 'default'
2021-05-10_20-36-45 [restartedMain] INFO  o.a.catalina.core.StandardService - Stopping service [Tomcat]
2021-05-10_20-36-45 [restartedMain] INFO  o.s.b.a.l.ConditionEvaluationReportLoggingListener - 

Error starting ApplicationContext. To display the conditions report re-run your application with 'debug' enabled.
2021-05-10_20-36-45 [restartedMain] INFO  o.s.o.j.LocalContainerEntityManagerFactoryBean - Closing JPA EntityManagerFactory for persistence unit 'default'
2021-05-10_20-36-45 [restartedMain] INFO  o.h.t.s.i.SchemaDropperImpl$DelayedDropActionImpl - HHH000477: Starting delayed evictData of schema as part of SessionFactory shut-down'
2021-05-10_20-36-45 [restartedMain] INFO  com.zaxxer.hikari.HikariDataSource - HikariPool-3 - Shutdown initiated...
2021-05-10_20-36-45 [restartedMain] INFO  com.zaxxer.hikari.HikariDataSource - HikariPool-3 - Shutdown completed.
2021-05-10_20-37-16 [restartedMain] INFO  c.c.a.AuthorizatiionMicroserviceApplication - Starting AuthorizatiionMicroserviceApplication using Java 1.8.0_271 on DESKTOP-DTJ4D8S with PID 13460 (C:\Users\srich\Desktop\Enhancement Project\MyProject\CDE-Project-International-Patients-treatment-management\Authorizatiion-Microservice\target\classes started by srich in C:\Users\srich\Desktop\Enhancement Project\MyProject\CDE-Project-International-Patients-treatment-management\Authorizatiion-Microservice)
2021-05-10_20-37-16 [restartedMain] INFO  c.c.a.AuthorizatiionMicroserviceApplication - No active profile set, falling back to default profiles: default
2021-05-10_20-37-16 [restartedMain] INFO  o.s.d.r.c.RepositoryConfigurationDelegate - Bootstrapping Spring Data JPA repositories in DEFAULT mode.
2021-05-10_20-37-16 [restartedMain] INFO  o.s.d.r.c.RepositoryConfigurationDelegate - Finished Spring Data repository scanning in 21 ms. Found 1 JPA repository interfaces.
2021-05-10_20-37-16 [restartedMain] INFO  o.s.cloud.context.scope.GenericScope - BeanFactory id=edea1387-1a2d-33de-8525-4ed44fa6e3e5
2021-05-10_20-37-16 [restartedMain] INFO  o.s.b.w.e.tomcat.TomcatWebServer - Tomcat initialized with port(s): 8400 (http)
2021-05-10_20-37-16 [restartedMain] INFO  o.a.coyote.http11.Http11NioProtocol - Initializing ProtocolHandler ["http-nio-8400"]
2021-05-10_20-37-16 [restartedMain] INFO  o.a.catalina.core.StandardService - Starting service [Tomcat]
2021-05-10_20-37-16 [restartedMain] INFO  o.a.catalina.core.StandardEngine - Starting Servlet engine: [Apache Tomcat/9.0.41]
2021-05-10_20-37-16 [restartedMain] INFO  o.a.c.c.C.[.[localhost].[/auth] - Initializing Spring embedded WebApplicationContext
2021-05-10_20-37-16 [restartedMain] INFO  o.s.b.w.s.c.ServletWebServerApplicationContext - Root WebApplicationContext: initialization completed in 1553 ms
2021-05-10_20-37-16 [restartedMain] INFO  com.zaxxer.hikari.HikariDataSource - HikariPool-4 - Starting...
2021-05-10_20-37-16 [restartedMain] INFO  com.zaxxer.hikari.HikariDataSource - HikariPool-4 - Start completed.
2021-05-10_20-37-16 [restartedMain] INFO  o.s.b.a.h.H2ConsoleAutoConfiguration - H2 console available at '/db'. Database available at 'jdbc:h2:mem:testdb'
2021-05-10_20-37-16 [restartedMain] INFO  o.h.jpa.internal.util.LogHelper - HHH000204: Processing PersistenceUnitInfo [name: default]
2021-05-10_20-37-16 [restartedMain] INFO  org.hibernate.dialect.Dialect - HHH000400: Using dialect: org.hibernate.dialect.H2Dialect
2021-05-10_20-37-16 [restartedMain] INFO  o.h.e.t.j.p.i.JtaPlatformInitiator - HHH000490: Using JtaPlatform implementation: [org.hibernate.engine.transaction.jta.platform.internal.NoJtaPlatform]
2021-05-10_20-37-16 [restartedMain] INFO  o.s.o.j.LocalContainerEntityManagerFactoryBean - Initialized JPA EntityManagerFactory for persistence unit 'default'
2021-05-10_20-37-16 [restartedMain] INFO  s.d.s.w.PropertySourcedRequestMappingHandlerMapping - Mapped URL path [/v2/api-docs] onto method [springfox.documentation.swagger2.web.Swagger2Controller#getDocumentation(String, HttpServletRequest)]
2021-05-10_20-37-16 [restartedMain] INFO  o.s.s.web.DefaultSecurityFilterChain - Will secure any request with [org.springframework.security.web.context.request.async.WebAsyncManagerIntegrationFilter@50bc5567, org.springframework.security.web.context.SecurityContextPersistenceFilter@4afece31, org.springframework.security.web.header.HeaderWriterFilter@3a4d776a, org.springframework.security.web.authentication.logout.LogoutFilter@7d8d93ba, com.cts.authorization.config.JwtRequestFilter@15df5d77, org.springframework.security.web.savedrequest.RequestCacheAwareFilter@43633234, org.springframework.security.web.servletapi.SecurityContextHolderAwareRequestFilter@12c4eb15, org.springframework.security.web.authentication.AnonymousAuthenticationFilter@107d759d, org.springframework.security.web.session.SessionManagementFilter@36fcaab5, org.springframework.security.web.access.ExceptionTranslationFilter@645db93b, org.springframework.security.web.access.intercept.FilterSecurityInterceptor@5a6eb776]
2021-05-10_20-37-16 [restartedMain] INFO  o.s.s.c.ThreadPoolTaskExecutor - Initializing ExecutorService 'applicationTaskExecutor'
2021-05-10_20-37-16 [restartedMain] INFO  o.a.coyote.http11.Http11NioProtocol - Starting ProtocolHandler ["http-nio-8400"]
2021-05-10_20-37-16 [restartedMain] INFO  o.s.b.w.e.tomcat.TomcatWebServer - Tomcat started on port(s): 8400 (http) with context path '/auth'
2021-05-10_20-37-16 [restartedMain] INFO  s.d.s.w.p.DocumentationPluginsBootstrapper - Context refreshed
2021-05-10_20-37-16 [restartedMain] INFO  s.d.s.w.p.DocumentationPluginsBootstrapper - Found 1 custom documentation plugin(s)
2021-05-10_20-37-16 [restartedMain] INFO  s.d.s.w.s.ApiListingReferenceScanner - Scanning for api listing references
2021-05-10_20-37-16 [restartedMain] INFO  c.c.a.AuthorizatiionMicroserviceApplication - Started AuthorizatiionMicroserviceApplication in 3.809 seconds (JVM running for 15418.578)
2021-05-10_20-37-16 [restartedMain] INFO  o.s.b.d.a.ConditionEvaluationDeltaLoggingListener - Condition evaluation unchanged
2021-05-10_20-37-16 [http-nio-8400-exec-1] INFO  o.a.c.c.C.[.[localhost].[/auth] - Initializing Spring DispatcherServlet 'dispatcherServlet'
2021-05-10_20-37-16 [http-nio-8400-exec-1] INFO  o.s.web.servlet.DispatcherServlet - Initializing Servlet 'dispatcherServlet'
2021-05-10_20-37-16 [http-nio-8400-exec-1] INFO  o.s.web.servlet.DispatcherServlet - Completed initialization in 2 ms
2021-05-10_20-37-16 [http-nio-8400-exec-1] INFO  c.c.a.service.JwtUserDetailsService - User found
2021-05-10_20-37-16 [http-nio-8400-exec-1] INFO  c.c.a.service.JwtUserDetailsService - user successfully located
2021-05-10_20-37-16 [http-nio-8400-exec-1] INFO  c.c.a.service.JwtUserDetailsService - User found
2021-05-10_20-37-16 [http-nio-8400-exec-1] INFO  c.c.a.service.JwtUserDetailsService - user successfully located
2021-05-10_20-37-16 [http-nio-8400-exec-2] INFO  c.c.a.service.JwtUserDetailsService - User found
2021-05-10_20-37-16 [http-nio-8400-exec-2] INFO  c.c.a.service.JwtUserDetailsService - user successfully located
2021-05-10_20-37-16 [http-nio-8400-exec-2] INFO  c.c.a.service.JwtUserDetailsService - User found
2021-05-10_20-37-16 [http-nio-8400-exec-2] INFO  c.c.a.service.JwtUserDetailsService - user successfully located
2021-05-10_20-37-16 [http-nio-8400-exec-5] INFO  c.c.a.service.JwtUserDetailsService - User found
2021-05-10_20-37-16 [http-nio-8400-exec-5] INFO  c.c.a.service.JwtUserDetailsService - user successfully located
2021-05-10_20-37-16 [http-nio-8400-exec-5] INFO  c.c.a.service.JwtUserDetailsService - User found
2021-05-10_20-37-16 [http-nio-8400-exec-5] INFO  c.c.a.service.JwtUserDetailsService - user successfully located
2021-05-10_20-37-16 [http-nio-8400-exec-4] INFO  c.c.a.service.JwtUserDetailsService - User found
2021-05-10_20-37-16 [http-nio-8400-exec-4] INFO  c.c.a.service.JwtUserDetailsService - user successfully located
2021-05-10_20-37-16 [http-nio-8400-exec-4] INFO  c.c.a.service.JwtUserDetailsService - User found
2021-05-10_20-37-16 [http-nio-8400-exec-4] INFO  c.c.a.service.JwtUserDetailsService - user successfully located
2021-05-10_20-37-16 [http-nio-8400-exec-3] INFO  c.c.a.service.JwtUserDetailsService - User found
2021-05-10_20-37-16 [http-nio-8400-exec-3] INFO  c.c.a.service.JwtUserDetailsService - user successfully located
2021-05-10_20-37-16 [http-nio-8400-exec-6] INFO  c.c.a.service.JwtUserDetailsService - User found
2021-05-10_20-37-16 [http-nio-8400-exec-6] INFO  c.c.a.service.JwtUserDetailsService - user successfully located
2021-05-10_20-37-16 [http-nio-8400-exec-9] INFO  c.c.a.service.JwtUserDetailsService - User found
2021-05-10_20-37-16 [http-nio-8400-exec-9] INFO  c.c.a.service.JwtUserDetailsService - user successfully located
2021-05-10_20-37-16 [http-nio-8400-exec-10] INFO  c.c.a.service.JwtUserDetailsService - User found
2021-05-10_20-37-16 [http-nio-8400-exec-10] INFO  c.c.a.service.JwtUserDetailsService - user successfully located
2021-05-10_20-37-16 [http-nio-8400-exec-1] INFO  c.c.a.service.JwtUserDetailsService - User found
2021-05-10_20-37-16 [http-nio-8400-exec-1] INFO  c.c.a.service.JwtUserDetailsService - user successfully located
2021-05-10_20-37-16 [http-nio-8400-exec-2] INFO  c.c.a.service.JwtUserDetailsService - User found
2021-05-10_20-37-16 [http-nio-8400-exec-2] INFO  c.c.a.service.JwtUserDetailsService - user successfully located
2021-05-10_20-37-16 [http-nio-8400-exec-4] INFO  c.c.a.service.JwtUserDetailsService - User found
2021-05-10_20-37-16 [http-nio-8400-exec-4] INFO  c.c.a.service.JwtUserDetailsService - user successfully located
2021-05-10_20-37-16 [http-nio-8400-exec-3] INFO  c.c.a.service.JwtUserDetailsService - User found
2021-05-10_20-37-16 [http-nio-8400-exec-3] INFO  c.c.a.service.JwtUserDetailsService - user successfully located
2021-05-10_20-37-16 [http-nio-8400-exec-6] INFO  c.c.a.service.JwtUserDetailsService - User found
2021-05-10_20-37-16 [http-nio-8400-exec-6] INFO  c.c.a.service.JwtUserDetailsService - user successfully located
2021-05-10_20-37-16 [http-nio-8400-exec-9] INFO  c.c.a.service.JwtUserDetailsService - User found
2021-05-10_20-37-16 [http-nio-8400-exec-9] INFO  c.c.a.service.JwtUserDetailsService - user successfully located
2021-05-10_20-37-16 [http-nio-8400-exec-10] INFO  c.c.a.service.JwtUserDetailsService - User found
2021-05-10_20-37-16 [http-nio-8400-exec-10] INFO  c.c.a.service.JwtUserDetailsService - user successfully located
2021-05-10_20-37-16 [http-nio-8400-exec-8] INFO  c.c.a.service.JwtUserDetailsService - User found
2021-05-10_20-37-16 [http-nio-8400-exec-8] INFO  c.c.a.service.JwtUserDetailsService - user successfully located
2021-05-10_20-37-16 [http-nio-8400-exec-3] INFO  c.c.a.service.JwtUserDetailsService - User found
2021-05-10_20-37-16 [http-nio-8400-exec-3] INFO  c.c.a.service.JwtUserDetailsService - user successfully located
2021-05-10_20-37-16 [http-nio-8400-exec-3] INFO  c.c.a.service.JwtUserDetailsService - User found
2021-05-10_20-37-16 [http-nio-8400-exec-3] INFO  c.c.a.service.JwtUserDetailsService - user successfully located
2021-05-10_20-37-16 [http-nio-8400-exec-6] INFO  c.c.a.service.JwtUserDetailsService - User found
2021-05-10_20-37-16 [http-nio-8400-exec-6] INFO  c.c.a.service.JwtUserDetailsService - user successfully located
2021-05-10_20-37-16 [http-nio-8400-exec-7] INFO  c.c.a.service.JwtUserDetailsService - User found
2021-05-10_20-37-16 [http-nio-8400-exec-7] INFO  c.c.a.service.JwtUserDetailsService - user successfully located
2021-05-10_20-37-16 [http-nio-8400-exec-7] INFO  c.c.a.service.JwtUserDetailsService - User found
2021-05-10_20-37-16 [http-nio-8400-exec-7] INFO  c.c.a.service.JwtUserDetailsService - user successfully located
2021-05-10_20-37-16 [http-nio-8400-exec-9] INFO  c.c.a.service.JwtUserDetailsService - User found
2021-05-10_20-37-16 [http-nio-8400-exec-9] INFO  c.c.a.service.JwtUserDetailsService - user successfully located
2021-05-10_20-37-16 [http-nio-8400-exec-8] INFO  c.c.a.service.JwtUserDetailsService - User found
2021-05-10_20-37-16 [http-nio-8400-exec-8] INFO  c.c.a.service.JwtUserDetailsService - user successfully located
2021-05-10_20-37-16 [http-nio-8400-exec-2] INFO  c.c.a.service.JwtUserDetailsService - User found
2021-05-10_20-37-16 [http-nio-8400-exec-2] INFO  c.c.a.service.JwtUserDetailsService - user successfully located
2021-05-10_20-37-16 [http-nio-8400-exec-2] INFO  c.c.a.service.JwtUserDetailsService - User found
2021-05-10_20-37-16 [http-nio-8400-exec-2] INFO  c.c.a.service.JwtUserDetailsService - user successfully located
2021-05-10_20-37-16 [http-nio-8400-exec-4] INFO  c.c.a.service.JwtUserDetailsService - User found
2021-05-10_20-37-16 [http-nio-8400-exec-4] INFO  c.c.a.service.JwtUserDetailsService - user successfully located
2021-05-10_20-37-16 [http-nio-8400-exec-4] INFO  c.c.a.service.JwtUserDetailsService - User found
2021-05-10_20-37-16 [http-nio-8400-exec-4] INFO  c.c.a.service.JwtUserDetailsService - user successfully located
2021-05-10_20-37-16 [http-nio-8400-exec-3] INFO  c.c.a.service.JwtUserDetailsService - User found
2021-05-10_20-37-16 [http-nio-8400-exec-3] INFO  c.c.a.service.JwtUserDetailsService - user successfully located
2021-05-10_20-37-16 [http-nio-8400-exec-7] INFO  c.c.a.service.JwtUserDetailsService - User found
2021-05-10_20-37-16 [http-nio-8400-exec-7] INFO  c.c.a.service.JwtUserDetailsService - user successfully located
2021-05-10_20-37-16 [http-nio-8400-exec-9] INFO  c.c.a.service.JwtUserDetailsService - User found
2021-05-10_20-37-16 [http-nio-8400-exec-9] INFO  c.c.a.service.JwtUserDetailsService - user successfully located
2021-05-10_20-37-16 [http-nio-8400-exec-8] INFO  c.c.a.service.JwtUserDetailsService - User found
2021-05-10_20-37-16 [http-nio-8400-exec-8] INFO  c.c.a.service.JwtUserDetailsService - user successfully located
2021-05-10_20-37-16 [http-nio-8400-exec-2] INFO  c.c.a.service.JwtUserDetailsService - User found
2021-05-10_20-37-16 [http-nio-8400-exec-2] INFO  c.c.a.service.JwtUserDetailsService - user successfully located
2021-05-10_20-37-16 [http-nio-8400-exec-5] INFO  c.c.a.service.JwtUserDetailsService - User found
2021-05-10_20-37-16 [http-nio-8400-exec-5] INFO  c.c.a.service.JwtUserDetailsService - user successfully located
2021-05-10_20-37-16 [http-nio-8400-exec-4] INFO  c.c.a.service.JwtUserDetailsService - User found
2021-05-10_20-37-16 [http-nio-8400-exec-4] INFO  c.c.a.service.JwtUserDetailsService - user successfully located
2021-05-10_20-37-16 [http-nio-8400-exec-6] INFO  c.c.a.service.JwtUserDetailsService - User found
2021-05-10_20-37-16 [http-nio-8400-exec-6] INFO  c.c.a.service.JwtUserDetailsService - user successfully located
2021-05-10_20-37-16 [http-nio-8400-exec-9] INFO  c.c.a.service.JwtUserDetailsService - User found
2021-05-10_20-37-16 [http-nio-8400-exec-9] INFO  c.c.a.service.JwtUserDetailsService - user successfully located
2021-05-10_20-37-16 [http-nio-8400-exec-10] INFO  c.c.a.service.JwtUserDetailsService - User found
2021-05-10_20-37-16 [http-nio-8400-exec-10] INFO  c.c.a.service.JwtUserDetailsService - user successfully located
2021-05-10_20-37-16 [http-nio-8400-exec-8] INFO  c.c.a.service.JwtUserDetailsService - User found
2021-05-10_20-37-16 [http-nio-8400-exec-8] INFO  c.c.a.service.JwtUserDetailsService - user successfully located
2021-05-10_20-37-16 [http-nio-8400-exec-2] INFO  c.c.a.service.JwtUserDetailsService - User found
2021-05-10_20-37-16 [http-nio-8400-exec-2] INFO  c.c.a.service.JwtUserDetailsService - user successfully located
2021-05-10_20-37-16 [http-nio-8400-exec-5] INFO  c.c.a.service.JwtUserDetailsService - User found
2021-05-10_20-37-16 [http-nio-8400-exec-5] INFO  c.c.a.service.JwtUserDetailsService - user successfully located
2021-05-10_20-37-16 [http-nio-8400-exec-4] INFO  c.c.a.service.JwtUserDetailsService - User found
2021-05-10_20-37-16 [http-nio-8400-exec-4] INFO  c.c.a.service.JwtUserDetailsService - user successfully located
2021-05-10_20-37-16 [http-nio-8400-exec-6] INFO  c.c.a.service.JwtUserDetailsService - User found
2021-05-10_20-37-16 [http-nio-8400-exec-6] INFO  c.c.a.service.JwtUserDetailsService - user successfully located
2021-05-10_20-37-16 [http-nio-8400-exec-7] INFO  c.c.a.service.JwtUserDetailsService - User found
2021-05-10_20-37-16 [http-nio-8400-exec-7] INFO  c.c.a.service.JwtUserDetailsService - user successfully located
2021-05-10_20-37-16 [http-nio-8400-exec-9] INFO  c.c.a.service.JwtUserDetailsService - User found
2021-05-10_20-37-16 [http-nio-8400-exec-9] INFO  c.c.a.service.JwtUserDetailsService - user successfully located
2021-05-10_20-37-16 [http-nio-8400-exec-10] INFO  c.c.a.service.JwtUserDetailsService - User found
2021-05-10_20-37-16 [http-nio-8400-exec-10] INFO  c.c.a.service.JwtUserDetailsService - user successfully located
2021-05-10_20-37-16 [http-nio-8400-exec-1] INFO  c.c.a.service.JwtUserDetailsService - User found
2021-05-10_20-37-16 [http-nio-8400-exec-1] INFO  c.c.a.service.JwtUserDetailsService - user successfully located
2021-05-10_20-37-16 [http-nio-8400-exec-2] INFO  c.c.a.service.JwtUserDetailsService - User found
2021-05-10_20-37-16 [http-nio-8400-exec-2] INFO  c.c.a.service.JwtUserDetailsService - user successfully located
2021-05-10_20-37-16 [http-nio-8400-exec-4] INFO  c.c.a.service.JwtUserDetailsService - User found
2021-05-10_20-37-16 [http-nio-8400-exec-4] INFO  c.c.a.service.JwtUserDetailsService - user successfully located
2021-05-10_20-37-16 [http-nio-8400-exec-7] INFO  c.c.a.service.JwtUserDetailsService - User found
2021-05-10_20-37-16 [http-nio-8400-exec-7] INFO  c.c.a.service.JwtUserDetailsService - user successfully located
2021-05-10_20-37-16 [http-nio-8400-exec-7] INFO  c.c.a.service.JwtUserDetailsService - User found
2021-05-10_20-37-16 [http-nio-8400-exec-7] INFO  c.c.a.service.JwtUserDetailsService - user successfully located
2021-05-10_20-37-16 [http-nio-8400-exec-9] INFO  c.c.a.service.JwtUserDetailsService - User found
2021-05-10_20-37-16 [http-nio-8400-exec-9] INFO  c.c.a.service.JwtUserDetailsService - user successfully located
2021-05-10_20-37-16 [http-nio-8400-exec-8] INFO  c.c.a.service.JwtUserDetailsService - User found
2021-05-10_20-37-16 [http-nio-8400-exec-8] INFO  c.c.a.service.JwtUserDetailsService - user successfully located
2021-05-10_20-37-16 [http-nio-8400-exec-1] INFO  c.c.a.service.JwtUserDetailsService - User found
2021-05-10_20-37-16 [http-nio-8400-exec-1] INFO  c.c.a.service.JwtUserDetailsService - user successfully located
2021-05-10_20-37-16 [http-nio-8400-exec-4] INFO  c.c.a.service.JwtUserDetailsService - User found
2021-05-10_20-37-16 [http-nio-8400-exec-4] INFO  c.c.a.service.JwtUserDetailsService - user successfully located
2021-05-10_20-37-16 [http-nio-8400-exec-3] INFO  c.c.a.service.JwtUserDetailsService - User found
2021-05-10_20-37-16 [http-nio-8400-exec-3] INFO  c.c.a.service.JwtUserDetailsService - user successfully located
2021-05-10_20-37-16 [http-nio-8400-exec-7] INFO  c.c.a.service.JwtUserDetailsService - User found
2021-05-10_20-37-16 [http-nio-8400-exec-7] INFO  c.c.a.service.JwtUserDetailsService - user successfully located
2021-05-10_20-37-16 [http-nio-8400-exec-10] INFO  c.c.a.service.JwtUserDetailsService - User found
2021-05-10_20-37-16 [http-nio-8400-exec-10] INFO  c.c.a.service.JwtUserDetailsService - user successfully located
2021-05-10_23-02-47 [Thread-18] INFO  o.s.s.c.ThreadPoolTaskExecutor - Shutting down ExecutorService 'applicationTaskExecutor'
2021-05-10_23-02-47 [Thread-18] INFO  o.s.o.j.LocalContainerEntityManagerFactoryBean - Closing JPA EntityManagerFactory for persistence unit 'default'
2021-05-10_23-02-47 [Thread-18] INFO  o.h.t.s.i.SchemaDropperImpl$DelayedDropActionImpl - HHH000477: Starting delayed evictData of schema as part of SessionFactory shut-down'
2021-05-10_23-02-47 [Thread-18] INFO  com.zaxxer.hikari.HikariDataSource - HikariPool-4 - Shutdown initiated...
2021-05-10_23-02-47 [Thread-18] INFO  com.zaxxer.hikari.HikariDataSource - HikariPool-4 - Shutdown completed.
2021-05-10_23-03-05 [restartedMain] INFO  c.c.a.AuthorizatiionMicroserviceApplication - Starting AuthorizatiionMicroserviceApplication using Java 1.8.0_271 on DESKTOP-DTJ4D8S with PID 13460 (C:\Users\srich\Desktop\Enhancement Project\MyProject\CDE-Project-International-Patients-treatment-management\Authorizatiion-Microservice\target\classes started by srich in C:\Users\srich\Desktop\Enhancement Project\MyProject\CDE-Project-International-Patients-treatment-management\Authorizatiion-Microservice)
2021-05-10_23-03-05 [restartedMain] INFO  c.c.a.AuthorizatiionMicroserviceApplication - No active profile set, falling back to default profiles: default
2021-05-10_23-03-05 [restartedMain] INFO  o.s.d.r.c.RepositoryConfigurationDelegate - Bootstrapping Spring Data JPA repositories in DEFAULT mode.
2021-05-10_23-03-05 [restartedMain] INFO  o.s.d.r.c.RepositoryConfigurationDelegate - Finished Spring Data repository scanning in 28 ms. Found 1 JPA repository interfaces.
2021-05-10_23-03-05 [restartedMain] INFO  o.s.cloud.context.scope.GenericScope - BeanFactory id=edea1387-1a2d-33de-8525-4ed44fa6e3e5
2021-05-10_23-03-05 [restartedMain] INFO  o.s.b.w.e.tomcat.TomcatWebServer - Tomcat initialized with port(s): 8400 (http)
2021-05-10_23-03-05 [restartedMain] INFO  o.a.coyote.http11.Http11NioProtocol - Initializing ProtocolHandler ["http-nio-8400"]
2021-05-10_23-03-05 [restartedMain] INFO  o.a.catalina.core.StandardService - Starting service [Tomcat]
2021-05-10_23-03-05 [restartedMain] INFO  o.a.catalina.core.StandardEngine - Starting Servlet engine: [Apache Tomcat/9.0.41]
2021-05-10_23-03-05 [restartedMain] INFO  o.a.c.c.C.[.[localhost].[/auth] - Initializing Spring embedded WebApplicationContext
2021-05-10_23-03-05 [restartedMain] INFO  o.s.b.w.s.c.ServletWebServerApplicationContext - Root WebApplicationContext: initialization completed in 1898 ms
2021-05-10_23-03-05 [restartedMain] INFO  com.zaxxer.hikari.HikariDataSource - HikariPool-5 - Starting...
2021-05-10_23-03-05 [restartedMain] INFO  com.zaxxer.hikari.HikariDataSource - HikariPool-5 - Start completed.
2021-05-10_23-03-05 [restartedMain] INFO  o.s.b.a.h.H2ConsoleAutoConfiguration - H2 console available at '/db'. Database available at 'jdbc:h2:mem:testdb'
2021-05-10_23-03-05 [restartedMain] INFO  o.h.jpa.internal.util.LogHelper - HHH000204: Processing PersistenceUnitInfo [name: default]
2021-05-10_23-03-05 [restartedMain] INFO  org.hibernate.dialect.Dialect - HHH000400: Using dialect: org.hibernate.dialect.H2Dialect
2021-05-10_23-03-05 [restartedMain] INFO  o.h.e.t.j.p.i.JtaPlatformInitiator - HHH000490: Using JtaPlatform implementation: [org.hibernate.engine.transaction.jta.platform.internal.NoJtaPlatform]
2021-05-10_23-03-05 [restartedMain] INFO  o.s.o.j.LocalContainerEntityManagerFactoryBean - Initialized JPA EntityManagerFactory for persistence unit 'default'
2021-05-10_23-03-05 [restartedMain] INFO  s.d.s.w.PropertySourcedRequestMappingHandlerMapping - Mapped URL path [/v2/api-docs] onto method [springfox.documentation.swagger2.web.Swagger2Controller#getDocumentation(String, HttpServletRequest)]
2021-05-10_23-03-05 [restartedMain] INFO  o.s.s.web.DefaultSecurityFilterChain - Will secure any request with [org.springframework.security.web.context.request.async.WebAsyncManagerIntegrationFilter@40edd4f6, org.springframework.security.web.context.SecurityContextPersistenceFilter@76c5be5c, org.springframework.security.web.header.HeaderWriterFilter@4d525d33, org.springframework.security.web.authentication.logout.LogoutFilter@4464bc90, com.cts.authorization.config.JwtRequestFilter@23cc9ee6, org.springframework.security.web.savedrequest.RequestCacheAwareFilter@27416754, org.springframework.security.web.servletapi.SecurityContextHolderAwareRequestFilter@78a50d4a, org.springframework.security.web.authentication.AnonymousAuthenticationFilter@72e1e828, org.springframework.security.web.session.SessionManagementFilter@1bff96a3, org.springframework.security.web.access.ExceptionTranslationFilter@69c71252, org.springframework.security.web.access.intercept.FilterSecurityInterceptor@3e1588ca]
2021-05-10_23-03-05 [restartedMain] INFO  o.s.s.c.ThreadPoolTaskExecutor - Initializing ExecutorService 'applicationTaskExecutor'
2021-05-10_23-03-05 [restartedMain] INFO  o.a.coyote.http11.Http11NioProtocol - Starting ProtocolHandler ["http-nio-8400"]
2021-05-10_23-03-05 [restartedMain] INFO  o.s.b.w.e.tomcat.TomcatWebServer - Tomcat started on port(s): 8400 (http) with context path '/auth'
2021-05-10_23-03-05 [restartedMain] INFO  s.d.s.w.p.DocumentationPluginsBootstrapper - Context refreshed
2021-05-10_23-03-05 [restartedMain] INFO  s.d.s.w.p.DocumentationPluginsBootstrapper - Found 1 custom documentation plugin(s)
2021-05-10_23-03-05 [restartedMain] INFO  s.d.s.w.s.ApiListingReferenceScanner - Scanning for api listing references
2021-05-10_23-03-05 [restartedMain] INFO  c.c.a.AuthorizatiionMicroserviceApplication - Started AuthorizatiionMicroserviceApplication in 6.612 seconds (JVM running for 24169.711)
2021-05-10_23-03-05 [restartedMain] INFO  o.s.b.d.a.ConditionEvaluationDeltaLoggingListener - Condition evaluation unchanged
2021-05-10_23-03-05 [http-nio-8400-exec-1] INFO  o.a.c.c.C.[.[localhost].[/auth] - Initializing Spring DispatcherServlet 'dispatcherServlet'
2021-05-10_23-03-05 [http-nio-8400-exec-1] INFO  o.s.web.servlet.DispatcherServlet - Initializing Servlet 'dispatcherServlet'
2021-05-10_23-03-05 [http-nio-8400-exec-1] INFO  o.s.web.servlet.DispatcherServlet - Completed initialization in 4 ms
2021-05-10_23-03-05 [http-nio-8400-exec-1] INFO  c.c.a.service.JwtUserDetailsService - User found
2021-05-10_23-03-05 [http-nio-8400-exec-1] INFO  c.c.a.service.JwtUserDetailsService - user successfully located
2021-05-10_23-03-05 [RMI TCP Connection(407)-127.0.0.1] INFO  o.s.b.a.SpringApplicationAdminMXBeanRegistrar$SpringApplicationAdmin - Application shutdown requested.
2021-05-10_23-03-05 [RMI TCP Connection(407)-127.0.0.1] INFO  o.s.s.c.ThreadPoolTaskExecutor - Shutting down ExecutorService 'applicationTaskExecutor'
2021-05-10_23-03-05 [RMI TCP Connection(407)-127.0.0.1] INFO  o.s.o.j.LocalContainerEntityManagerFactoryBean - Closing JPA EntityManagerFactory for persistence unit 'default'
2021-05-10_23-03-05 [RMI TCP Connection(407)-127.0.0.1] INFO  o.h.t.s.i.SchemaDropperImpl$DelayedDropActionImpl - HHH000477: Starting delayed evictData of schema as part of SessionFactory shut-down'
2021-05-10_23-03-05 [RMI TCP Connection(407)-127.0.0.1] INFO  com.zaxxer.hikari.HikariDataSource - HikariPool-5 - Shutdown initiated...
2021-05-10_23-03-05 [RMI TCP Connection(407)-127.0.0.1] INFO  com.zaxxer.hikari.HikariDataSource - HikariPool-5 - Shutdown completed.
