2021-05-10_16-40-34 [http-nio-8400-exec-7] ERROR c.c.a.config.JwtRequestFilter - JWT Token has expired
2021-05-10_16-40-34 [http-nio-8400-exec-2] ERROR c.c.a.config.JwtRequestFilter - JWT Token has expired
2021-05-10_16-40-34 [http-nio-8400-exec-1] ERROR c.c.a.config.JwtRequestFilter - JWT Token has expired
2021-05-10_20-36-45 [restartedMain] ERROR o.s.boot.SpringApplication - Application run failed
org.springframework.jdbc.datasource.init.ScriptStatementFailedException: Failed to execute SQL script statement #4 of URL [file:/C:/Users/srich/Desktop/Enhancement%20Project/MyProject/CDE-Project-International-Patients-treatment-management/Authorizatiion-Microservice/target/classes/data.sql]: insert into users (id, password, user_name) values (3, '12345', 'test'); nested exception is org.h2.jdbc.JdbcSQLIntegrityConstraintViolationException: Unique index or primary key violation: "PRIMARY KEY ON PUBLIC.USERS(ID) [3, '$2a$10$YnXvrEntVWd89EpHhqubbO8EPfAQrjgnYevbuSaHJ81C0B/vANp9y', 'user2']"; SQL statement:
insert into users (id, password, user_name) values (3, '12345', 'test') [23505-200]
	at org.springframework.jdbc.datasource.init.ScriptUtils.executeSqlScript(ScriptUtils.java:622)
	at org.springframework.jdbc.datasource.init.ResourceDatabasePopulator.populate(ResourceDatabasePopulator.java:254)
	at org.springframework.jdbc.datasource.init.DatabasePopulatorUtils.execute(DatabasePopulatorUtils.java:49)
	at org.springframework.boot.autoconfigure.jdbc.DataSourceInitializer.runScripts(DataSourceInitializer.java:202)
	at org.springframework.boot.autoconfigure.jdbc.DataSourceInitializer.initSchema(DataSourceInitializer.java:119)
	at org.springframework.boot.autoconfigure.jdbc.DataSourceInitializerInvoker.onApplicationEvent(DataSourceInitializerInvoker.java:91)
	at org.springframework.boot.autoconfigure.jdbc.DataSourceInitializerInvoker.onApplicationEvent(DataSourceInitializerInvoker.java:38)
	at org.springframework.context.event.SimpleApplicationEventMulticaster.doInvokeListener(SimpleApplicationEventMulticaster.java:176)
	at org.springframework.context.event.SimpleApplicationEventMulticaster.invokeListener(SimpleApplicationEventMulticaster.java:169)
	at org.springframework.context.event.SimpleApplicationEventMulticaster.multicastEvent(SimpleApplicationEventMulticaster.java:143)
	at org.springframework.context.event.SimpleApplicationEventMulticaster.multicastEvent(SimpleApplicationEventMulticaster.java:131)
	at org.springframework.context.support.AbstractApplicationContext.registerListeners(AbstractApplicationContext.java:886)
	at org.springframework.context.support.AbstractApplicationContext.refresh(AbstractApplicationContext.java:585)
	at org.springframework.boot.web.servlet.context.ServletWebServerApplicationContext.refresh(ServletWebServerApplicationContext.java:144)
	at org.springframework.boot.SpringApplication.refresh(SpringApplication.java:767)
	at org.springframework.boot.SpringApplication.refresh(SpringApplication.java:759)
	at org.springframework.boot.SpringApplication.refreshContext(SpringApplication.java:426)
	at org.springframework.boot.SpringApplication.run(SpringApplication.java:326)
	at org.springframework.boot.SpringApplication.run(SpringApplication.java:1311)
	at org.springframework.boot.SpringApplication.run(SpringApplication.java:1300)
	at com.cts.authorization.AuthorizatiionMicroserviceApplication.main(AuthorizatiionMicroserviceApplication.java:10)
	at sun.reflect.NativeMethodAccessorImpl.invoke0(Native Method)
	at sun.reflect.NativeMethodAccessorImpl.invoke(NativeMethodAccessorImpl.java:62)
	at sun.reflect.DelegatingMethodAccessorImpl.invoke(DelegatingMethodAccessorImpl.java:43)
	at java.lang.reflect.Method.invoke(Method.java:498)
	at org.springframework.boot.devtools.restart.RestartLauncher.run(RestartLauncher.java:49)
Caused by: org.h2.jdbc.JdbcSQLIntegrityConstraintViolationException: Unique index or primary key violation: "PRIMARY KEY ON PUBLIC.USERS(ID) [3, '$2a$10$YnXvrEntVWd89EpHhqubbO8EPfAQrjgnYevbuSaHJ81C0B/vANp9y', 'user2']"; SQL statement:
insert into users (id, password, user_name) values (3, '12345', 'test') [23505-200]
	at org.h2.message.DbException.getJdbcSQLException(DbException.java:459)
	at org.h2.message.DbException.getJdbcSQLException(DbException.java:429)
	at org.h2.message.DbException.get(DbException.java:205)
	at org.h2.message.DbException.get(DbException.java:181)
	at org.h2.mvstore.db.MVPrimaryIndex.add(MVPrimaryIndex.java:127)
	at org.h2.mvstore.db.MVTable.addRow(MVTable.java:531)
	at org.h2.command.dml.Insert.insertRows(Insert.java:195)
	at org.h2.command.dml.Insert.update(Insert.java:151)
	at org.h2.command.CommandContainer.update(CommandContainer.java:198)
	at org.h2.command.Command.executeUpdate(Command.java:251)
	at org.h2.jdbc.JdbcStatement.executeInternal(JdbcStatement.java:228)
	at org.h2.jdbc.JdbcStatement.execute(JdbcStatement.java:201)
	at com.zaxxer.hikari.pool.ProxyStatement.execute(ProxyStatement.java:95)
	at com.zaxxer.hikari.pool.HikariProxyStatement.execute(HikariProxyStatement.java)
	at org.springframework.jdbc.datasource.init.ScriptUtils.executeSqlScript(ScriptUtils.java:601)
	... 25 common frames omitted
2021-05-10_20-37-16 [http-nio-8400-exec-2] ERROR c.c.a.config.JwtRequestFilter - JWT Token has expired
2021-05-10_20-37-16 [http-nio-8400-exec-5] ERROR c.c.a.config.JwtRequestFilter - JWT Token has expired
2021-05-10_20-37-16 [http-nio-8400-exec-6] ERROR c.c.a.config.JwtRequestFilter - JWT Token has expired
